M-SEARCH * HTTP/1.1
HOST: 239.255.255.250:1900
MAN: "ssdp:discover"
MX: 3
ST: upnp:rootdevice
NOTIFY * HTTP/1.1
HOST: 239.255.255.250:1900
CACHE-CONTROL: max-age=1800
CONTENT-LENGTH: 0
Location: http://192.168.2.131:52525/root_XXYY.xml
Server: DMR_WR-100F UPnP/1.1 GUPnP/0.13.0
NTS: ssdp:alive
NT: upnp:rootdevice
USN: uuid:54998793-37ab-49d1-9cd7-74EE2AECA3E2::upnp:rootdevice
BRAND: Magic_Systech
CUST_APP: 0


NOTIFY * HTTP/1.1
HOST: 239.255.255.250:1900
CACHE-CONTROL: max-age=1800
CONTENT-LENGTH: 0
Location: http://192.168.2.131:52525/root_XXYY.xml
Server: DMR_WR-100F UPnP/1.1 GUPnP/0.13.0
NTS: ssdp:alive
NT: upnp:rootdevice
USN: uuid:54998793-37ab-49d1-9cd7-74EE2AECA3E2::upnp:rootdevice
BRAND: Magic_Systech
CUST_APP: 0


NOTIFY * HTTP/1.1
HOST: 239.255.255.250:1900
CACHE-CONTROL: max-age=1800
CONTENT-LENGTH: 0
Location: http://192.168.2.131:52525/root_XXYY.xml
Server: DMR_WR-100F UPnP/1.1 GUPnP/0.13.0
NTS: ssdp:alive
NT: uuid:54998793-37ab-49d1-9cd7-74EE2AECA3E2
USN: uuid:54998793-37ab-49d1-9cd7-74EE2AECA3E2
BRAND: Magic_Systech
CUST_APP: 0


NOTIFY * HTTP/1.1
HOST: 239.255.255.250:1900
CACHE-CONTROL: max-age=1800
CONTENT-LENGTH: 0
Location: http://192.168.4.146:52525/root_XXYY_S.xml
Server: uClinux/2.6.28.10 UPnP/1.1 GUPnP/0.13.0
NTS: ssdp:alive
NT: upnp:rootdevice
USN: uuid:55998793-37ab-49d1-9cd7-0C8C24691504::upnp:rootdevice


NOTIFY * HTTP/1.1
HOST: 239.255.255.250:1900
CACHE-CONTROL: max-age=1800
CONTENT-LENGTH: 0
Location: http://192.168.2.131:52525/root_XXYY.xml
Server: DMR_WR-100F UPnP/1.1 GUPnP/0.13.0
NTS: ssdp:alive
NT: uuid:54998793-37ab-49d1-9cd7-74EE2AECA3E2
USN: uuid:54998793-37ab-49d1-9cd7-74EE2AECA3E2
BRAND: Magic_Systech
CUST_APP: 0


NOTIFY * HTTP/1.1
HOST: 239.255.255.250:1900
CACHE-CONTROL: max-age=1800
CONTENT-LENGTH: 0
Location: http://192.168.4.146:52525/root_XXYY_S.xml
Server: uClinux/2.6.28.10 UPnP/1.1 GUPnP/0.13.0
NTS: ssdp:alive
NT: upnp:rootdevice
USN: uuid:55998793-37ab-49d1-9cd7-0C8C24691504::upnp:rootdevice


NOTIFY * HTTP/1.1
HOST: 239.255.255.250:1900
CACHE-CONTROL: max-age=1800
CONTENT-LENGTH: 0
Location: http://192.168.2.131:52525/root_XXYY.xml
Server: DMR_WR-100F UPnP/1.1 GUPnP/0.13.0
NTS: ssdp:alive
NT: urn:schemas-upnp-org:device:MediaRenderer:1
USN: uuid:54998793-37ab-49d1-9cd7-74EE2AECA3E2::urn:schemas-upnp-org:device:MediaRenderer:1
BRAND: Magic_Systech
CUST_APP: 0


NOTIFY * HTTP/1.1
HOST: 239.255.255.250:1900
CACHE-CONTROL: max-age=1800
CONTENT-LENGTH: 0
Location: http://192.168.4.146:52525/root_XXYY_S.xml
Server: uClinux/2.6.28.10 UPnP/1.1 GUPnP/0.13.0
NTS: ssdp:alive
NT: uuid:55998793-37ab-49d1-9cd7-0C8C24691504
USN: uuid:55998793-37ab-49d1-9cd7-0C8C24691504


NOTIFY * HTTP/1.1
HOST: 239.255.255.250:1900
CACHE-CONTROL: max-age=1800
CONTENT-LENGTH: 0
Location: http://192.168.2.131:52525/root_XXYY.xml
Server: DMR_WR-100F UPnP/1.1 GUPnP/0.13.0
NTS: ssdp:alive
NT: urn:schemas-upnp-org:device:MediaRenderer:1
USN: uuid:54998793-37ab-49d1-9cd7-74EE2AECA3E2::urn:schemas-upnp-org:device:MediaRenderer:1
BRAND: Magic_Systech
CUST_APP: 0


M-SEARCH * HTTP/1.1
ST: urn:schemas-upnp-org:device:MediaRenderer:1
MX: 1
MAN: "ssdp:discover"
HOST: 239.255.255.250:1900


M-SEARCH * HTTP/1.1
ST: urn:schemas-upnp-org:device:MediaRenderer:1
MX: 1
MAN: "ssdp:discover"
HOST: 239.255.255.250:1900


M-SEARCH * HTTP/1.1
ST: urn:schemas-upnp-org:device:MediaRenderer:1
MX: 1
MAN: "ssdp:discover"
HOST: 239.255.255.250:1900


M-SEARCH * HTTP/1.1
ST: urn:schemas-upnp-org:device:MediaRenderer:1
MX: 1
MAN: "ssdp:discover"
HOST: 239.255.255.250:1900


M-SEARCH * HTTP/1.1
ST: urn:schemas-upnp-org:device:MediaRenderer:1
MX: 1
MAN: "ssdp:discover"
HOST: 239.255.255.250:1900


M-SEARCH * HTTP/1.1
ST: urn:samsung.com:device:ScreenSharing:1
MX: 1
MAN: "ssdp:discover"
HOST: 239.255.255.250:1900


M-SEARCH * HTTP/1.1
ST: urn:samsung.com:device:ScreenSharing:1
MX: 1
MAN: "ssdp:discover"
HOST: 239.255.255.250:1900


M-SEARCH * HTTP/1.1
ST: urn:samsung.com:device:ScreenSharing:1
MX: 1
MAN: "ssdp:discover"
HOST: 239.255.255.250:1900


M-SEARCH * HTTP/1.1
ST: urn:samsung.com:device:ScreenSharing:1
MX: 1
MAN: "ssdp:discover"
HOST: 239.255.255.250:1900


M-SEARCH * HTTP/1.1
ST: urn:samsung.com:device:ScreenSharing:1
MX: 1
MAN: "ssdp:discover"
HOST: 239.255.255.250:1900


NOTIFY * HTTP/1.1
HOST: 239.255.255.250:1900
CACHE-CONTROL: max-age=1800
CONTENT-LENGTH: 0
Location: http://192.168.4.146:52525/root_XXYY_S.xml
Server: uClinux/2.6.28.10 UPnP/1.1 GUPnP/0.13.0
NTS: ssdp:alive
NT: uuid:55998793-37ab-49d1-9cd7-0C8C24691504
USN: uuid:55998793-37ab-49d1-9cd7-0C8C24691504


M-SEARCH * HTTP/1.1
ST: urn:samsung.com:device:ScreenMirroring:1
MX: 1
MAN: "ssdp:discover"
HOST: 239.255.255.250:1900


M-SEARCH * HTTP/1.1
ST: urn:samsung.com:device:ScreenMirroring:1
MX: 1
MAN: "ssdp:discover"
HOST: 239.255.255.250:1900


M-SEARCH * HTTP/1.1
ST: urn:samsung.com:device:ScreenMirroring:1
MX: 1
MAN: "ssdp:discover"
HOST: 239.255.255.250:1900


M-SEARCH * HTTP/1.1
ST: urn:samsung.com:device:ScreenMirroring:1
MX: 1
MAN: "ssdp:discover"
HOST: 239.255.255.250:1900


M-SEARCH * HTTP/1.1
ST: urn:samsung.com:device:ScreenMirroring:1
MX: 1
MAN: "ssdp:discover"
HOST: 239.255.255.250:1900


NOTIFY * HTTP/1.1
HOST: 239.255.255.250:1900
CACHE-CONTROL: max-age=1800
CONTENT-LENGTH: 0
Location: http://192.168.2.131:52525/root_XXYY.xml
Server: DMR_WR-100F UPnP/1.1 GUPnP/0.13.0
NTS: ssdp:alive
NT: urn:schemas-upnp-org:service:RenderingControl:1
USN: uuid:54998793-37ab-49d1-9cd7-74EE2AECA3E2::urn:schemas-upnp-org:service:RenderingControl:1
BRAND: Magic_Systech
CUST_APP: 0


NOTIFY * HTTP/1.1
HOST: 239.255.255.250:1900
CACHE-CONTROL: max-age=1800
CONTENT-LENGTH: 0
Location: http://192.168.4.146:52525/root_XXYY_S.xml
Server: uClinux/2.6.28.10 UPnP/1.1 GUPnP/0.13.0
NTS: ssdp:alive
NT: urn:schemas-upnp-org:service:ConnectionManager:1
USN: uuid:55998793-37ab-49d1-9cd7-0C8C24691504::urn:schemas-upnp-org:service:ConnectionManager:1


NOTIFY * HTTP/1.1
HOST: 239.255.255.250:1900
CACHE-CONTROL: max-age=1800
CONTENT-LENGTH: 0
Location: http://192.168.2.131:52525/root_XXYY.xml
Server: DMR_WR-100F UPnP/1.1 GUPnP/0.13.0
NTS: ssdp:alive
NT: urn:schemas-upnp-org:service:RenderingControl:1
USN: uuid:54998793-37ab-49d1-9cd7-74EE2AECA3E2::urn:schemas-upnp-org:service:RenderingControl:1
BRAND: Magic_Systech
CUST_APP: 0


NOTIFY * HTTP/1.1
HOST: 239.255.255.250:1900
CACHE-CONTROL: max-age=1800
CONTENT-LENGTH: 0
Location: http://192.168.4.146:52525/root_XXYY_S.xml
Server: uClinux/2.6.28.10 UPnP/1.1 GUPnP/0.13.0
NTS: ssdp:alive
NT: urn:schemas-upnp-org:service:ConnectionManager:1
USN: uuid:55998793-37ab-49d1-9cd7-0C8C24691504::urn:schemas-upnp-org:service:ConnectionManager:1


NOTIFY * HTTP/1.1
HOST: 239.255.255.250:1900
CACHE-CONTROL: max-age=1800
CONTENT-LENGTH: 0
Location: http://192.168.2.131:52525/root_XXYY.xml
Server: DMR_WR-100F UPnP/1.1 GUPnP/0.13.0
NTS: ssdp:alive
NT: urn:schemas-upnp-org:service:AVTransport:1
USN: uuid:54998793-37ab-49d1-9cd7-74EE2AECA3E2::urn:schemas-upnp-org:service:AVTransport:1
BRAND: Magic_Systech
CUST_APP: 0


NOTIFY * HTTP/1.1
HOST: 239.255.255.250:1900
CACHE-CONTROL: max-age=1800
CONTENT-LENGTH: 0
Location: http://192.168.4.146:52525/root_XXYY_S.xml
Server: uClinux/2.6.28.10 UPnP/1.1 GUPnP/0.13.0
NTS: ssdp:alive
NT: urn:schemas-upnp-org:service:ContentDirectory:1
USN: uuid:55998793-37ab-49d1-9cd7-0C8C24691504::urn:schemas-upnp-org:service:ContentDirectory:1


NOTIFY * HTTP/1.1
HOST: 239.255.255.250:1900
CACHE-CONTROL: max-age=1800
CONTENT-LENGTH: 0
Location: http://192.168.2.131:52525/root_XXYY.xml
Server: DMR_WR-100F UPnP/1.1 GUPnP/0.13.0
NTS: ssdp:alive
NT: urn:schemas-upnp-org:service:AVTransport:1
USN: uuid:54998793-37ab-49d1-9cd7-74EE2AECA3E2::urn:schemas-upnp-org:service:AVTransport:1
BRAND: Magic_Systech
CUST_APP: 0


NOTIFY * HTTP/1.1
HOST: 239.255.255.250:1900
CACHE-CONTROL: max-age=1800
CONTENT-LENGTH: 0
Location: http://192.168.4.146:52525/root_XXYY_S.xml
Server: uClinux/2.6.28.10 UPnP/1.1 GUPnP/0.13.0
NTS: ssdp:alive
NT: urn:schemas-upnp-org:service:ContentDirectory:1
USN: uuid:55998793-37ab-49d1-9cd7-0C8C24691504::urn:schemas-upnp-org:service:ContentDirectory:1


NOTIFY * HTTP/1.1
HOST: 239.255.255.250:1900
CACHE-CONTROL: max-age=1800
CONTENT-LENGTH: 0
Location: http://192.168.2.131:52525/root_XXYY.xml
Server: DMR_WR-100F UPnP/1.1 GUPnP/0.13.0
NTS: ssdp:alive
NT: urn:schemas-upnp-org:service:ConnectionManager:1
USN: uuid:54998793-37ab-49d1-9cd7-74EE2AECA3E2::urn:schemas-upnp-org:service:ConnectionManager:1
BRAND: Magic_Systech
CUST_APP: 0


NOTIFY * HTTP/1.1
HOST: 239.255.255.250:1900
CACHE-CONTROL: max-age=1800
CONTENT-LENGTH: 0
Location: http://192.168.4.146:52525/root_XXYY_S.xml
Server: uClinux/2.6.28.10 UPnP/1.1 GUPnP/0.13.0
NTS: ssdp:alive
NT: urn:schemas-upnp-org:device:MediaServer:1
USN: uuid:55998793-37ab-49d1-9cd7-0C8C24691504::urn:schemas-upnp-org:device:MediaServer:1


NOTIFY * HTTP/1.1
HOST: 239.255.255.250:1900
CACHE-CONTROL: max-age=1800
CONTENT-LENGTH: 0
Location: http://192.168.2.131:52525/root_XXYY.xml
Server: DMR_WR-100F UPnP/1.1 GUPnP/0.13.0
NTS: ssdp:alive
NT: urn:schemas-upnp-org:service:ConnectionManager:1
USN: uuid:54998793-37ab-49d1-9cd7-74EE2AECA3E2::urn:schemas-upnp-org:service:ConnectionManager:1
BRAND: Magic_Systech
CUST_APP: 0


NOTIFY * HTTP/1.1
HOST: 239.255.255.250:1900
CACHE-CONTROL: max-age=1800
CONTENT-LENGTH: 0
Location: http://192.168.4.146:52525/root_XXYY_S.xml
Server: uClinux/2.6.28.10 UPnP/1.1 GUPnP/0.13.0
NTS: ssdp:alive
NT: urn:schemas-upnp-org:device:MediaServer:1
USN: uuid:55998793-37ab-49d1-9cd7-0C8C24691504::urn:schemas-upnp-org:device:MediaServer:1


M-SEARCH * HTTP/1.1
HOST: 239.255.255.250:1900
MAN: "ssdp:discover"
MX: 3
ST: urn:schemas-upnp-org:device:MediaServer:1


M-SEARCH * HTTP/1.1
HOST: 239.255.255.250:1900
MAN: "ssdp:discover"
ST: urn:dial-multiscreen-org:service:dial:1
MX: 2


M-SEARCH * HTTP/1.1
HOST: 239.255.255.250:1900
MAN: "ssdp:discover"
ST: urn:mdx-netflix-com:service:target:1
MX: 2


M-SEARCH * HTTP/1.1
HOST: 239.255.255.250:1900
MAN: "ssdp:discover"
MX: 2
ST: urn:mdx-netflix-com:service:target:0


M-SEARCH * HTTP/1.1
HOST: 239.255.255.250:1900
MAN: "ssdp:discover"
MX: 2
ST: urn:dial-multiscreen-org:service:dial:1


M-SEARCH * HTTP/1.1
HOST: 239.255.255.250:1900
MAN: "ssdp:discover"
MX: 1
ST: urn:schemas-upnp-org:device:ZonePlayer:1
USER-AGENT: Linux UPnP/1.0 Sonos/57.3-79100 (ACR_:samsung:a5y17ltexx:SM-A520F)
X-SONOS-DEVICEID: ef1b2aa495bf8c88
X-SONOS-MDPMODEL: 11


M-SEARCH * HTTP/1.1
HOST: 239.255.255.250:1900
MAN: "ssdp:discover"
MX: 1
ST: urn:schemas-upnp-org:device:ZonePlayer:1
USER-AGENT: Linux UPnP/1.0 Sonos/57.3-79100 (ACR_:samsung:a5y17ltexx:SM-A520F)
X-SONOS-DEVICEID: ef1b2aa495bf8c88
X-SONOS-MDPMODEL: 11


M-SEARCH * HTTP/1.1
HOST: 239.255.255.250:1900
MAN: "ssdp:discover"
MX: 1
ST: urn:schemas-upnp-org:device:ZonePlayer:1
USER-AGENT: Linux UPnP/1.0 Sonos/57.3-79100 (ACR_:samsung:a5y17ltexx:SM-A520F)
X-SONOS-DEVICEID: ef1b2aa495bf8c88
X-SONOS-SESSIONSECONDS: 4
X-SONOS-MDPMODEL: 11


M-SEARCH * HTTP/1.1
HOST: 239.255.255.250:1900
MAN: "ssdp:discover"
MX: 1
ST: urn:schemas-upnp-org:device:ZonePlayer:1
USER-AGENT: Linux UPnP/1.0 Sonos/57.3-79100 (ACR_:samsung:a5y17ltexx:SM-A520F)
X-SONOS-DEVICEID: ef1b2aa495bf8c88
X-SONOS-SESSIONSECONDS: 4
X-SONOS-MDPMODEL: 11


M-SEARCH * HTTP/1.1
HOST: 239.255.255.250:1900
MAN: "ssdp:discover"
MX: 1
ST: urn:dial-multiscreen-org:service:dial:1


M-SEARCH * HTTP/1.1
HOST: 239.255.255.250:1900
MAN: "ssdp:discover"
MX: 1
ST: urn:dial-multiscreen-org:service:dial:1


M-SEARCH * HTTP/1.1
HOST: 239.255.255.250:1900
MAN: "ssdp:discover"
MX: 1
ST: urn:dial-multiscreen-org:service:dial:1


M-SEARCH * HTTP/1.1
HOST: 239.255.255.250:1900
MAN: "ssdp:discover"
MX: 1
ST: urn:dial-multiscreen-org:service:dial:1


M-SEARCH * HTTP/1.1
HOST: 239.255.255.250:1900
MAN: "ssdp:discover"
MX: 1
ST: urn:dial-multiscreen-org:service:dial:1


M-SEARCH * HTTP/1.1
HOST: 239.255.255.250:1900
MAN: "ssdp:discover"
ST: urn:dial-multiscreen-org:service:dial:1
MX: 2


M-SEARCH * HTTP/1.1
HOST: 239.255.255.250:1900
MAN: "ssdp:discover"
MX: 1
ST: urn:dial-multiscreen-org:service:dial:1


M-SEARCH * HTTP/1.1
HOST: 239.255.255.250:1900
MAN: "ssdp:discover"
ST: urn:dial-multiscreen-org:service:dial:1
MX: 2


M-SEARCH * HTTP/1.1
HOST: 239.255.255.250:1900
MAN: "ssdp:discover"
ST: urn:mdx-netflix-com:service:target:1
MX: 2


NOTIFY * HTTP/1.1
HOST: 239.255.255.250:1900
CACHE-CONTROL: max-age=1800
CONTENT-LENGTH: 0
Location: http://192.168.2.131:52525/root_XXYY_S.xml
Server: uClinux/2.6.28.10 UPnP/1.1 GUPnP/0.13.0
NTS: ssdp:alive
NT: upnp:rootdevice
USN: uuid:55998793-37ab-49d1-9cd7-74EE2AECA3E2::upnp:rootdevice


NOTIFY * HTTP/1.1
HOST: 239.255.255.250:1900
CACHE-CONTROL: max-age=1800
CONTENT-LENGTH: 0
Location: http://192.168.2.131:52525/root_XXYY_S.xml
Server: uClinux/2.6.28.10 UPnP/1.1 GUPnP/0.13.0
NTS: ssdp:alive
NT: upnp:rootdevice
USN: uuid:55998793-37ab-49d1-9cd7-74EE2AECA3E2::upnp:rootdevice


NOTIFY * HTTP/1.1
HOST: 239.255.255.250:1900
CACHE-CONTROL: max-age=1800
CONTENT-LENGTH: 0
Location: http://192.168.2.131:52525/root_XXYY_S.xml
Server: uClinux/2.6.28.10 UPnP/1.1 GUPnP/0.13.0
NTS: ssdp:alive
NT: uuid:55998793-37ab-49d1-9cd7-74EE2AECA3E2
USN: uuid:55998793-37ab-49d1-9cd7-74EE2AECA3E2


NOTIFY * HTTP/1.1
HOST: 239.255.255.250:1900
CACHE-CONTROL: max-age=1800
CONTENT-LENGTH: 0
Location: http://192.168.2.131:52525/root_XXYY_S.xml
Server: uClinux/2.6.28.10 UPnP/1.1 GUPnP/0.13.0
NTS: ssdp:alive
NT: uuid:55998793-37ab-49d1-9cd7-74EE2AECA3E2
USN: uuid:55998793-37ab-49d1-9cd7-74EE2AECA3E2


NOTIFY * HTTP/1.1
HOST: 239.255.255.250:1900
CACHE-CONTROL: max-age=1800
CONTENT-LENGTH: 0
Location: http://192.168.2.131:52525/root_XXYY_S.xml
Server: uClinux/2.6.28.10 UPnP/1.1 GUPnP/0.13.0
NTS: ssdp:alive
NT: urn:schemas-upnp-org:service:ConnectionManager:1
USN: uuid:55998793-37ab-49d1-9cd7-74EE2AECA3E2::urn:schemas-upnp-org:service:ConnectionManager:1


NOTIFY * HTTP/1.1
HOST: 239.255.255.250:1900
CACHE-CONTROL: max-age=1800
CONTENT-LENGTH: 0
Location: http://192.168.2.131:52525/root_XXYY_S.xml
Server: uClinux/2.6.28.10 UPnP/1.1 GUPnP/0.13.0
NTS: ssdp:alive
NT: urn:schemas-upnp-org:service:ConnectionManager:1
USN: uuid:55998793-37ab-49d1-9cd7-74EE2AECA3E2::urn:schemas-upnp-org:service:ConnectionManager:1


NOTIFY * HTTP/1.1
HOST: 239.255.255.250:1900
CACHE-CONTROL: max-age=1800
CONTENT-LENGTH: 0
Location: http://192.168.2.131:52525/root_XXYY_S.xml
Server: uClinux/2.6.28.10 UPnP/1.1 GUPnP/0.13.0
NTS: ssdp:alive
NT: urn:schemas-upnp-org:service:ContentDirectory:1
USN: uuid:55998793-37ab-49d1-9cd7-74EE2AECA3E2::urn:schemas-upnp-org:service:ContentDirectory:1


NOTIFY * HTTP/1.1
HOST: 239.255.255.250:1900
CACHE-CONTROL: max-age=1800
CONTENT-LENGTH: 0
Location: http://192.168.2.131:52525/root_XXYY_S.xml
Server: uClinux/2.6.28.10 UPnP/1.1 GUPnP/0.13.0
NTS: ssdp:alive
NT: urn:schemas-upnp-org:service:ContentDirectory:1
USN: uuid:55998793-37ab-49d1-9cd7-74EE2AECA3E2::urn:schemas-upnp-org:service:ContentDirectory:1


NOTIFY * HTTP/1.1
HOST: 239.255.255.250:1900
CACHE-CONTROL: max-age=1800
CONTENT-LENGTH: 0
Location: http://192.168.2.131:52525/root_XXYY_S.xml
Server: uClinux/2.6.28.10 UPnP/1.1 GUPnP/0.13.0
NTS: ssdp:alive
NT: urn:schemas-upnp-org:device:MediaServer:1
USN: uuid:55998793-37ab-49d1-9cd7-74EE2AECA3E2::urn:schemas-upnp-org:device:MediaServer:1


NOTIFY * HTTP/1.1
HOST: 239.255.255.250:1900
CACHE-CONTROL: max-age=1800
CONTENT-LENGTH: 0
Location: http://192.168.2.131:52525/root_XXYY_S.xml
Server: uClinux/2.6.28.10 UPnP/1.1 GUPnP/0.13.0
NTS: ssdp:alive
NT: urn:schemas-upnp-org:device:MediaServer:1
USN: uuid:55998793-37ab-49d1-9cd7-74EE2AECA3E2::urn:schemas-upnp-org:device:MediaServer:1


NOTIFY * HTTP/1.1
HOST: 239.255.255.250:1900
CACHE-CONTROL: max-age=1800
CONTENT-LENGTH: 0
Location: http://192.168.2.131:52525/walkie_XXYY_S.xml
Server: uClinux/2.6.28.10 UPnP/1.1 GUPnP/0.13.0
NTS: ssdp:alive
NT: urn:walkie-talkie:431538b1-1969-0525-fb33-74EE2AECA3E2
USN: uuid:431538b1-1969-0525-fb33-74EE2AECA3E2


M-SEARCH * HTTP/1.1
HOST: 239.255.255.250:1900
MAN: "ssdp:discover"
MX: 1
ST: urn:dial-multiscreen-org:service:dial:1


NOTIFY * HTTP/1.1
HOST: 239.255.255.250:1900
CACHE-CONTROL: max-age=1800
CONTENT-LENGTH: 0
Location: http://192.168.2.131:52525/walkie_XXYY_S.xml
Server: uClinux/2.6.28.10 UPnP/1.1 GUPnP/0.13.0
NTS: ssdp:alive
NT: urn:walkie-talkie:431538b1-1969-0525-fb33-74EE2AECA3E2
USN: uuid:431538b1-1969-0525-fb33-74EE2AECA3E2


M-SEARCH * HTTP/1.1
HOST: 239.255.255.250:1900
MAN: "ssdp:discover"
MX: 3
ST: urn:schemas-upnp-org:device:MediaServer:1


M-SEARCH * HTTP/1.1
HOST: 239.255.255.250:1900
MAN: "ssdp:discover"
ST: urn:mdx-netflix-com:service:target:1
MX: 2


M-SEARCH * HTTP/1.1
HOST: 239.255.255.250:1900
MAN: "ssdp:discover"
ST: urn:dial-multiscreen-org:service:dial:1
MX: 2


M-SEARCH * HTTP/1.1
HOST: 239.255.255.250:1900
MAN: "ssdp:discover"
MX: 1
ST: urn:schemas-upnp-org:device:ZonePlayer:1
USER-AGENT: Linux UPnP/1.0 Sonos/57.3-79100 (ACR_:samsung:a5y17ltexx:SM-A520F)
X-SONOS-DEVICEID: ef1b2aa495bf8c88
X-SONOS-SESSIONSECONDS: 5
X-SONOS-MDPMODEL: 11


M-SEARCH * HTTP/1.1
HOST: 239.255.255.250:1900
MAN: "ssdp:discover"
MX: 1
ST: urn:schemas-upnp-org:device:ZonePlayer:1
USER-AGENT: Linux UPnP/1.0 Sonos/57.3-79100 (ACR_:samsung:a5y17ltexx:SM-A520F)
X-SONOS-DEVICEID: ef1b2aa495bf8c88
X-SONOS-SESSIONSECONDS: 5
X-SONOS-MDPMODEL: 11


NOTIFY * HTTP/1.1
HOST: 239.255.255.250:1900
CACHE-CONTROL: max-age=1801
LOCATION: http://192.168.7.83:8888/upnp_descriptor_0
NT: uuid:00000081-0000-5000-0000-00903E8FEB97
NTS: ssdp:alive
SERVER: Linux/2.6.10_dev-VT8610 UPnP/1.0 MediabolicUPnP/1.8.225
USN: uuid:00000081-0000-5000-0000-00903E8FEB97


NOTIFY * HTTP/1.1
HOST: 239.255.255.250:1900
CACHE-CONTROL: max-age=1801
LOCATION: http://192.168.7.83:8888/upnp_descriptor_0
NT: urn:schemas-upnp-org:device:MediaRenderer:1
NTS: ssdp:alive
SERVER: Linux/2.6.10_dev-VT8610 UPnP/1.0 MediabolicUPnP/1.8.225
USN: uuid:00000081-0000-5000-0000-00903E8FEB97::urn:schemas-upnp-org:device:MediaRenderer:1


M-SEARCH * HTTP/1.1
HOST: 239.255.255.250:1900
MAN: "ssdp:discover"
MX: 1
ST: urn:dial-multiscreen-org:service:dial:1


NOTIFY * HTTP/1.1
HOST: 239.255.255.250:1900
CACHE-CONTROL: max-age=1801
LOCATION: http://192.168.7.83:8888/upnp_descriptor_0
NT: upnp:rootdevice
NTS: ssdp:alive
SERVER: Linux/2.6.10_dev-VT8610 UPnP/1.0 MediabolicUPnP/1.8.225
USN: uuid:00000081-0000-5000-0000-00903E8FEB97::upnp:rootdevice


NOTIFY * HTTP/1.1
HOST: 239.255.255.250:1900
CACHE-CONTROL: max-age=1801
LOCATION: http://192.168.7.83:8888/upnp_descriptor_0
NT: urn:schemas-upnp-org:service:ConnectionManager:1
NTS: ssdp:alive
SERVER: Linux/2.6.10_dev-VT8610 UPnP/1.0 MediabolicUPnP/1.8.225
USN: uuid:00000081-0000-5000-0000-00903E8FEB97::urn:schemas-upnp-org:service:ConnectionManager:1


M-SEARCH * HTTP/1.1
HOST: 239.255.255.250:1900
MAN: "ssdp:discover"
MX: 1
ST: urn:dial-multiscreen-org:service:dial:1


NOTIFY * HTTP/1.1
HOST: 239.255.255.250:1900
CACHE-CONTROL: max-age=1801
LOCATION: http://192.168.7.83:8888/upnp_descriptor_0
NT: urn:schemas-upnp-org:service:RenderingControl:1
NTS: ssdp:alive
SERVER: Linux/2.6.10_dev-VT8610 UPnP/1.0 MediabolicUPnP/1.8.225
USN: uuid:00000081-0000-5000-0000-00903E8FEB97::urn:schemas-upnp-org:service:RenderingControl:1


NOTIFY * HTTP/1.1
HOST: 239.255.255.250:1900
CACHE-CONTROL: max-age=1801
LOCATION: http://192.168.7.83:8888/upnp_descriptor_0
NT: urn:schemas-upnp-org:service:AVTransport:1
NTS: ssdp:alive
SERVER: Linux/2.6.10_dev-VT8610 UPnP/1.0 MediabolicUPnP/1.8.225
USN: uuid:00000081-0000-5000-0000-00903E8FEB97::urn:schemas-upnp-org:service:AVTransport:1


NOTIFY * HTTP/1.1
HOST: 239.255.255.250:1900
CACHE-CONTROL: max-age=1801
LOCATION: http://192.168.7.83:8888/upnp_descriptor_0
NT: uuid:00000081-0000-5000-0000-00903E8FEB97
NTS: ssdp:alive
SERVER: Linux/2.6.10_dev-VT8610 UPnP/1.0 MediabolicUPnP/1.8.225
USN: uuid:00000081-0000-5000-0000-00903E8FEB97


NOTIFY * HTTP/1.1
HOST: 239.255.255.250:1900
CACHE-CONTROL: max-age=1801
LOCATION: http://192.168.7.83:8888/upnp_descriptor_0
NT: urn:schemas-upnp-org:device:MediaRenderer:1
NTS: ssdp:alive
SERVER: Linux/2.6.10_dev-VT8610 UPnP/1.0 MediabolicUPnP/1.8.225
USN: uuid:00000081-0000-5000-0000-00903E8FEB97::urn:schemas-upnp-org:device:MediaRenderer:1


NOTIFY * HTTP/1.1
HOST: 239.255.255.250:1900
CACHE-CONTROL: max-age=1801
LOCATION: http://192.168.7.83:8888/upnp_descriptor_0
NT: upnp:rootdevice
NTS: ssdp:alive
SERVER: Linux/2.6.10_dev-VT8610 UPnP/1.0 MediabolicUPnP/1.8.225
USN: uuid:00000081-0000-5000-0000-00903E8FEB97::upnp:rootdevice


NOTIFY * HTTP/1.1
HOST: 239.255.255.250:1900
CACHE-CONTROL: max-age=1801
LOCATION: http://192.168.7.83:8888/upnp_descriptor_0
NT: urn:schemas-upnp-org:service:ConnectionManager:1
NTS: ssdp:alive
SERVER: Linux/2.6.10_dev-VT8610 UPnP/1.0 MediabolicUPnP/1.8.225
USN: uuid:00000081-0000-5000-0000-00903E8FEB97::urn:schemas-upnp-org:service:ConnectionManager:1


NOTIFY * HTTP/1.1
HOST: 239.255.255.250:1900
CACHE-CONTROL: max-age=1801
LOCATION: http://192.168.7.83:8888/upnp_descriptor_0
NT: urn:schemas-upnp-org:service:RenderingControl:1
NTS: ssdp:alive
SERVER: Linux/2.6.10_dev-VT8610 UPnP/1.0 MediabolicUPnP/1.8.225
USN: uuid:00000081-0000-5000-0000-00903E8FEB97::urn:schemas-upnp-org:service:RenderingControl:1


M-SEARCH * HTTP/1.1
HOST: 239.255.255.250:1900
MAN: "ssdp:discover"
MX: 1
ST: urn:dial-multiscreen-org:service:dial:1


NOTIFY * HTTP/1.1
HOST: 239.255.255.250:1900
CACHE-CONTROL: max-age=1801
LOCATION: http://192.168.7.83:8888/upnp_descriptor_0
NT: urn:schemas-upnp-org:service:AVTransport:1
NTS: ssdp:alive
SERVER: Linux/2.6.10_dev-VT8610 UPnP/1.0 MediabolicUPnP/1.8.225
USN: uuid:00000081-0000-5000-0000-00903E8FEB97::urn:schemas-upnp-org:service:AVTransport:1


M-SEARCH * HTTP/1.1
HOST: 239.255.255.250:1900
MAN: "ssdp:discover"
ST: urn:dial-multiscreen-org:service:dial:1
MX: 2


M-SEARCH * HTTP/1.1
HOST: 239.255.255.250:1900
MAN: "ssdp:discover"
ST: urn:mdx-netflix-com:service:target:1
MX: 2


NOTIFY * HTTP/1.1
HOST: 239.255.255.250:1900
CACHE-CONTROL: max-age=1800
CONTENT-LENGTH: 0
Location: http://192.168.4.146:52525/root_XXYY.xml
Server: DMR_WD789BS UPnP/1.1 GUPnP/0.13.0
NTS: ssdp:alive
NT: upnp:rootdevice
USN: uuid:54998793-37ab-49d1-9cd7-0C8C24691504::upnp:rootdevice
BRAND: Majority
CUST_APP: 0


NOTIFY * HTTP/1.1
HOST: 239.255.255.250:1900
CACHE-CONTROL: max-age=1800
CONTENT-LENGTH: 0
Location: http://192.168.4.146:52525/root_XXYY.xml
Server: DMR_WD789BS UPnP/1.1 GUPnP/0.13.0
NTS: ssdp:alive
NT: upnp:rootdevice
USN: uuid:54998793-37ab-49d1-9cd7-0C8C24691504::upnp:rootdevice
BRAND: Majority
CUST_APP: 0


M-SEARCH * HTTP/1.1
HOST: 239.255.255.250:1900
MAN: "ssdp:discover"
MX: 1
ST: urn:dial-multiscreen-org:service:dial:1


M-SEARCH * HTTP/1.1
HOST: 239.255.255.250:1900
MAN: "ssdp:discover"
ST: urn:dial-multiscreen-org:service:dial:1
MX: 2


M-SEARCH * HTTP/1.1
HOST: 239.255.255.250:1900
MAN: "ssdp:discover"
MX: 1
ST: urn:dial-multiscreen-org:service:dial:1


M-SEARCH * HTTP/1.1
HOST: 239.255.255.250:1900
MAN: "ssdp:discover"
ST: urn:mdx-netflix-com:service:target:1
MX: 2


M-SEARCH * HTTP/1.1
HOST: 239.255.255.250:1900
MAN: "ssdp:discover"
MX: 1
ST: urn:schemas-upnp-org:device:ZonePlayer:1
USER-AGENT: Linux UPnP/1.0 Sonos/57.3-79100 (ACR_:samsung:a5y17ltexx:SM-A520F)
X-SONOS-DEVICEID: ef1b2aa495bf8c88
X-SONOS-SESSIONSECONDS: 6
X-SONOS-MDPMODEL: 11


M-SEARCH * HTTP/1.1
HOST: 239.255.255.250:1900
MAN: "ssdp:discover"
MX: 1
ST: urn:schemas-upnp-org:device:ZonePlayer:1
USER-AGENT: Linux UPnP/1.0 Sonos/57.3-79100 (ACR_:samsung:a5y17ltexx:SM-A520F)
X-SONOS-DEVICEID: ef1b2aa495bf8c88
X-SONOS-SESSIONSECONDS: 6
X-SONOS-MDPMODEL: 11


M-SEARCH * HTTP/1.1
HOST: 239.255.255.250:1900
ST: urn:schemas-upnp-org:service:WANPPPConnection:1
MAN: "ssdp:discover"
MX: 3


M-SEARCH * HTTP/1.1
HOST: 239.255.255.250:1900
MAN: "ssdp:discover"
ST: urn:dial-multiscreen-org:service:dial:1
MX: 2


M-SEARCH * HTTP/1.1
HOST: 239.255.255.250:1900
MAN: "ssdp:discover"
ST: urn:mdx-netflix-com:service:target:1
MX: 2


NOTIFY * HTTP/1.1
HOST: 239.255.255.250:1900
CACHE-CONTROL: max-age=1800
CONTENT-LENGTH: 0
Location: http://192.168.4.146:52525/root_XXYY.xml
Server: DMR_WD789BS UPnP/1.1 GUPnP/0.13.0
NTS: ssdp:alive
NT: upnp:rootdevice
USN: uuid:54998793-37ab-49d1-9cd7-0C8C24691504::upnp:rootdevice
BRAND: Majority
CUST_APP: 0


NOTIFY * HTTP/1.1
HOST: 239.255.255.250:1900
CACHE-CONTROL: max-age=1800
CONTENT-LENGTH: 0
Location: http://192.168.4.146:52525/root_XXYY.xml
Server: DMR_WD789BS UPnP/1.1 GUPnP/0.13.0
NTS: ssdp:alive
NT: upnp:rootdevice
USN: uuid:54998793-37ab-49d1-9cd7-0C8C24691504::upnp:rootdevice
BRAND: Majority
CUST_APP: 0


NOTIFY * HTTP/1.1
HOST: 239.255.255.250:1900
CACHE-CONTROL: max-age=1800
CONTENT-LENGTH: 0
Location: http://192.168.2.131:52525/root_XXYY.xml
Server: DMR_WR-100F UPnP/1.1 GUPnP/0.13.0
NTS: ssdp:alive
NT: upnp:rootdevice
USN: uuid:54998793-37ab-49d1-9cd7-74EE2AECA3E2::upnp:rootdevice
BRAND: Magic_Systech
CUST_APP: 0


NOTIFY * HTTP/1.1
HOST: 239.255.255.250:1900
CACHE-CONTROL: max-age=1800
CONTENT-LENGTH: 0
Location: http://192.168.2.131:52525/root_XXYY.xml
Server: DMR_WR-100F UPnP/1.1 GUPnP/0.13.0
NTS: ssdp:alive
NT: upnp:rootdevice
USN: uuid:54998793-37ab-49d1-9cd7-74EE2AECA3E2::upnp:rootdevice
BRAND: Magic_Systech
CUST_APP: 0


M-SEARCH * HTTP/1.1
HOST: 239.255.255.250:1900
MAN: "ssdp:discover"
ST: urn:dial-multiscreen-org:service:dial:1
MX: 2


M-SEARCH * HTTP/1.1
HOST: 239.255.255.250:1900
MAN: "ssdp:discover"
ST: urn:mdx-netflix-com:service:target:1
MX: 2


M-SEARCH * HTTP/1.1
HOST: 239.255.255.250:1900
MAN: "ssdp:discover"
MX: 1
ST: urn:schemas-upnp-org:device:ZonePlayer:1
USER-AGENT: Linux UPnP/1.0 Sonos/57.3-79100 (ACR_:samsung:a5y17ltexx:SM-A520F)
X-SONOS-DEVICEID: ef1b2aa495bf8c88
X-SONOS-SESSIONSECONDS: 7
X-SONOS-MDPMODEL: 11


M-SEARCH * HTTP/1.1
HOST: 239.255.255.250:1900
MAN: "ssdp:discover"
MX: 1
ST: urn:schemas-upnp-org:device:ZonePlayer:1
USER-AGENT: Linux UPnP/1.0 Sonos/57.3-79100 (ACR_:samsung:a5y17ltexx:SM-A520F)
X-SONOS-DEVICEID: ef1b2aa495bf8c88
X-SONOS-SESSIONSECONDS: 7
X-SONOS-MDPMODEL: 11


M-SEARCH * HTTP/1.1
HOST: 239.255.255.250:1900
MAN: "ssdp:discover"
ST: urn:mdx-netflix-com:service:target:1
MX: 2


M-SEARCH * HTTP/1.1
HOST: 239.255.255.250:1900
MAN: "ssdp:discover"
ST: urn:dial-multiscreen-org:service:dial:1
MX: 2


M-SEARCH * HTTP/1.1
HOST: 239.255.255.250:1900
MAN: "ssdp:discover"
MX: 3
ST: urn:schemas-upnp-org:device:MediaServer:1


NOTIFY * HTTP/1.1
HOST: 239.255.255.250:1900
CACHE-CONTROL: max-age=1800
CONTENT-LENGTH: 0
Location: http://192.168.2.131:52525/root_XXYY.xml
Server: DMR_WR-100F UPnP/1.1 GUPnP/0.13.0
NTS: ssdp:alive
NT: upnp:rootdevice
USN: uuid:54998793-37ab-49d1-9cd7-74EE2AECA3E2::upnp:rootdevice
BRAND: Magic_Systech
CUST_APP: 0


NOTIFY * HTTP/1.1
HOST: 239.255.255.250:1900
CACHE-CONTROL: max-age=1800
CONTENT-LENGTH: 0
Location: http://192.168.2.131:52525/root_XXYY.xml
Server: DMR_WR-100F UPnP/1.1 GUPnP/0.13.0
NTS: ssdp:alive
NT: upnp:rootdevice
USN: uuid:54998793-37ab-49d1-9cd7-74EE2AECA3E2::upnp:rootdevice
BRAND: Magic_Systech
CUST_APP: 0


M-SEARCH * HTTP/1.1
HOST: 239.255.255.250:1900
MAN: "ssdp:discover"
MX: 1
ST: urn:schemas-upnp-org:device:ZonePlayer:1
USER-AGENT: Linux UPnP/1.0 Sonos/57.3-79100 (ACR_:samsung:a5y17ltexx:SM-A520F)
X-SONOS-DEVICEID: ef1b2aa495bf8c88
X-SONOS-SESSIONSECONDS: 8
X-SONOS-MDPMODEL: 11


M-SEARCH * HTTP/1.1
HOST: 239.255.255.250:1900
MAN: "ssdp:discover"
MX: 1
ST: urn:schemas-upnp-org:device:ZonePlayer:1
USER-AGENT: Linux UPnP/1.0 Sonos/57.3-79100 (ACR_:samsung:a5y17ltexx:SM-A520F)
X-SONOS-DEVICEID: ef1b2aa495bf8c88
X-SONOS-SESSIONSECONDS: 8
X-SONOS-MDPMODEL: 11


M-SEARCH * HTTP/1.1
HOST: 239.255.255.250:1900
MAN: "ssdp:discover"
MX: 1
ST: urn:dial-multiscreen-org:service:dial:1


M-SEARCH * HTTP/1.1
HOST: 239.255.255.250:1900
MAN: "ssdp:discover"
MX: 3
ST: urn:schemas-upnp-org:device:MediaServer:1


M-SEARCH * HTTP/1.1
HOST: 239.255.255.250:1900
MAN: "ssdp:discover"
MX: 1
ST: urn:dial-multiscreen-org:service:dial:1


M-SEARCH * HTTP/1.1
HOST: 239.255.255.250:1900
MAN: "ssdp:discover"
MX: 1
ST: urn:dial-multiscreen-org:service:dial:1


M-SEARCH * HTTP/1.1
HOST: 239.255.255.250:1900
MAN: "ssdp:discover"
ST: urn:dial-multiscreen-org:service:dial:1
MX: 2


M-SEARCH * HTTP/1.1
HOST: 239.255.255.250:1900
MAN: "ssdp:discover"
ST: urn:mdx-netflix-com:service:target:1
MX: 2


M-SEARCH * HTTP/1.1
HOST: 239.255.255.250:1900
MAN: "ssdp:discover"
MX: 1
ST: urn:schemas-upnp-org:device:ZonePlayer:1
USER-AGENT: Linux UPnP/1.0 Sonos/58.1-79060 (ACR_:samsung:x1sxeea:SM-G981B)
X-SONOS-DEVICEID: 32a94a286d85b258
X-SONOS-SESSIONSECONDS: 534
X-SONOS-MDPMODEL: 11


M-SEARCH * HTTP/1.1
HOST: 239.255.255.250:1900
MAN: "ssdp:discover"
MX: 1
ST: urn:schemas-upnp-org:device:ZonePlayer:1
USER-AGENT: Linux UPnP/1.0 Sonos/58.1-79060 (ACR_:samsung:x1sxeea:SM-G981B)
X-SONOS-DEVICEID: 32a94a286d85b258
X-SONOS-SESSIONSECONDS: 534
X-SONOS-MDPMODEL: 11


M-SEARCH * HTTP/1.1
HOST: 239.255.255.250:1900
MAN: "ssdp:discover"
MX: 1
ST: urn:schemas-upnp-org:device:ZonePlayer:1
USER-AGENT: Linux UPnP/1.0 Sonos/57.3-79100 (ACR_:samsung:a5y17ltexx:SM-A520F)
X-SONOS-DEVICEID: ef1b2aa495bf8c88
X-SONOS-SESSIONSECONDS: 9
X-SONOS-MDPMODEL: 11


M-SEARCH * HTTP/1.1
HOST: 239.255.255.250:1900
MAN: "ssdp:discover"
MX: 1
ST: urn:schemas-upnp-org:device:ZonePlayer:1
USER-AGENT: Linux UPnP/1.0 Sonos/57.3-79100 (ACR_:samsung:a5y17ltexx:SM-A520F)
X-SONOS-DEVICEID: ef1b2aa495bf8c88
X-SONOS-SESSIONSECONDS: 9
X-SONOS-MDPMODEL: 11


M-SEARCH * HTTP/1.1
HOST: 239.255.255.250:1900
MAN: "ssdp:discover"
MX: 1
ST: urn:dial-multiscreen-org:service:dial:1


M-SEARCH * HTTP/1.1
HOST: 239.255.255.250:1900
ST: upnp:rootdevice
MAN: "ssdp:discover"
MX: 3


NOTIFY * HTTP/1.1
HOST: 239.255.255.250:1900
CACHE-CONTROL: max-age=1800
CONTENT-LENGTH: 0
Location: http://192.168.4.146:52525/root_XXYY.xml
Server: DMR_WD789BS UPnP/1.1 GUPnP/0.13.0
NTS: ssdp:alive
NT: upnp:rootdevice
USN: uuid:54998793-37ab-49d1-9cd7-0C8C24691504::upnp:rootdevice
BRAND: Majority
CUST_APP: 0


NOTIFY * HTTP/1.1
HOST: 239.255.255.250:1900
CACHE-CONTROL: max-age=1800
CONTENT-LENGTH: 0
Location: http://192.168.4.146:52525/root_XXYY.xml
Server: DMR_WD789BS UPnP/1.1 GUPnP/0.13.0
NTS: ssdp:alive
NT: upnp:rootdevice
USN: uuid:54998793-37ab-49d1-9cd7-0C8C24691504::upnp:rootdevice
BRAND: Majority
CUST_APP: 0


M-SEARCH * HTTP/1.1
HOST: 239.255.255.250:1900
MAN: "ssdp:discover"
ST: urn:dial-multiscreen-org:service:dial:1
MX: 2


M-SEARCH * HTTP/1.1
HOST: 239.255.255.250:1900
MAN: "ssdp:discover"
ST: urn:mdx-netflix-com:service:target:1
MX: 2


M-SEARCH * HTTP/1.1
HOST: 239.255.255.250:1900
MAN: "ssdp:discover"
MX: 1
ST: urn:dial-multiscreen-org:service:dial:1

 
M-SEARCH * HTTP/1.1
HOST: 239.255.255.250:1900
MAN: "ssdp:discover"
MX: 1
ST: urn:schemas-upnp-org:device:ZonePlayer:1
USER-AGENT: Linux UPnP/1.0 Sonos/57.3-79100 (ACR_:samsung:a5y17ltexx:SM-A520F)
X-SONOS-DEVICEID: ef1b2aa495bf8c88
X-SONOS-SESSIONSECONDS: 10
X-SONOS-MDPMODEL: 11


M-SEARCH * HTTP/1.1
HOST: 239.255.255.250:1900
MAN: "ssdp:discover"
MX: 1
ST: urn:schemas-upnp-org:device:ZonePlayer:1
USER-AGENT: Linux UPnP/1.0 Sonos/57.3-79100 (ACR_:samsung:a5y17ltexx:SM-A520F)
X-SONOS-DEVICEID: ef1b2aa495bf8c88
X-SONOS-SESSIONSECONDS: 10
X-SONOS-MDPMODEL: 11


NOTIFY * HTTP/1.1
HOST: 239.255.255.250:1900
CACHE-CONTROL: max-age=1800
CONTENT-LENGTH: 0
Location: http://192.168.4.146:52525/root_XXYY.xml
Server: DMR_WD789BS UPnP/1.1 GUPnP/0.13.0
NTS: ssdp:alive
NT: upnp:rootdevice
USN: uuid:54998793-37ab-49d1-9cd7-0C8C24691504::upnp:rootdevice
BRAND: Majority
CUST_APP: 0


NOTIFY * HTTP/1.1
HOST: 239.255.255.250:1900
CACHE-CONTROL: max-age=1800
CONTENT-LENGTH: 0
Location: http://192.168.4.146:52525/root_XXYY.xml
Server: DMR_WD789BS UPnP/1.1 GUPnP/0.13.0
NTS: ssdp:alive
NT: upnp:rootdevice
USN: uuid:54998793-37ab-49d1-9cd7-0C8C24691504::upnp:rootdevice
BRAND: Majority
CUST_APP: 0


M-SEARCH * HTTP/1.1
HOST: 239.255.255.250:1900
MAN: "ssdp:discover"
MX: 1
ST: urn:schemas-upnp-org:device:ZonePlayer:1
USER-AGENT: Linux UPnP/1.0 Sonos/57.3-79100 (ACR_:samsung:x1sxeea:SM-G981B)
X-SONOS-DEVICEID: bce888549c9f63d7
X-SONOS-SESSIONSECONDS: 71
X-SONOS-MDPMODEL: 11


M-SEARCH * HTTP/1.1
HOST: 239.255.255.250:1900
MAN: "ssdp:discover"
MX: 1
ST: urn:schemas-upnp-org:device:ZonePlayer:1
USER-AGENT: Linux UPnP/1.0 Sonos/57.3-79100 (ACR_:samsung:x1sxeea:SM-G981B)
X-SONOS-DEVICEID: bce888549c9f63d7
X-SONOS-SESSIONSECONDS: 71
X-SONOS-MDPMODEL: 11


NOTIFY * HTTP/1.1
HOST: 239.255.255.250:1900
CACHE-CONTROL: max-age=1800
CONTENT-LENGTH: 0
Location: http://192.168.2.131:52525/root_XXYY.xml
Server: DMR_WR-100F UPnP/1.1 GUPnP/0.13.0
NTS: ssdp:alive
NT: upnp:rootdevice
USN: uuid:54998793-37ab-49d1-9cd7-74EE2AECA3E2::upnp:rootdevice
BRAND: Magic_Systech
CUST_APP: 0


NOTIFY * HTTP/1.1
HOST: 239.255.255.250:1900
CACHE-CONTROL: max-age=1800
CONTENT-LENGTH: 0
Location: http://192.168.2.131:52525/root_XXYY.xml
Server: DMR_WR-100F UPnP/1.1 GUPnP/0.13.0
NTS: ssdp:alive
NT: upnp:rootdevice
USN: uuid:54998793-37ab-49d1-9cd7-74EE2AECA3E2::upnp:rootdevice
BRAND: Magic_Systech
CUST_APP: 0


M-SEARCH * HTTP/1.1
HOST: 239.255.255.250:1900
MAN: "ssdp:discover"
ST: urn:mdx-netflix-com:service:target:1
MX: 2


M-SEARCH * HTTP/1.1
HOST: 239.255.255.250:1900
MAN: "ssdp:discover"
ST: urn:dial-multiscreen-org:service:dial:1
MX: 2


M-SEARCH * HTTP/1.1
HOST: 239.255.255.250:1900
MAN: "ssdp:discover"
MX: 1
ST: urn:dial-multiscreen-org:service:dial:1


M-SEARCH * HTTP/1.1
HOST: 239.255.255.250:1900
MAN: "ssdp:discover"
MX: 1
ST: urn:dial-multiscreen-org:service:dial:1


M-SEARCH * HTTP/1.1
HOST: 239.255.255.250:1900
MAN: "ssdp:discover"
MX: 1
ST: urn:schemas-upnp-org:device:ZonePlayer:1
USER-AGENT: Linux UPnP/1.0 Sonos/57.3-79100 (ACR_:samsung:a5y17ltexx:SM-A520F)
X-SONOS-DEVICEID: ef1b2aa495bf8c88
X-SONOS-SESSIONSECONDS: 11
X-SONOS-MDPMODEL: 11


M-SEARCH * HTTP/1.1
HOST: 239.255.255.250:1900
MAN: "ssdp:discover"
MX: 1
ST: urn:schemas-upnp-org:device:ZonePlayer:1
USER-AGENT: Linux UPnP/1.0 Sonos/57.3-79100 (ACR_:samsung:a5y17ltexx:SM-A520F)
X-SONOS-DEVICEID: ef1b2aa495bf8c88
X-SONOS-SESSIONSECONDS: 11
X-SONOS-MDPMODEL: 11


M-SEARCH * HTTP/1.1
HOST: 239.255.255.250:1900
MAN: "ssdp:discover"
MX: 1
ST: urn:dial-multiscreen-org:service:dial:1


M-SEARCH * HTTP/1.1
HOST: 239.255.255.250:1900
MAN: "ssdp:discover"
MX: 1
ST: urn:dial-multiscreen-org:service:dial:1


M-SEARCH * HTTP/1.1
HOST: 239.255.255.250:1900
MAN: "ssdp:discover"
MX: 1
ST: urn:dial-multiscreen-org:service:dial:1


M-SEARCH * HTTP/1.1
HOST: 239.255.255.250:1900
MAN: "ssdp:discover"
MX: 1
ST: urn:dial-multiscreen-org:service:dial:1


NOTIFY * HTTP/1.1
HOST: 239.255.255.250:1900
CACHE-CONTROL: max-age=1800
CONTENT-LENGTH: 0
Location: http://192.168.4.146:52525/root_XXYY.xml
Server: DMR_WD789BS UPnP/1.1 GUPnP/0.13.0
NTS: ssdp:alive
NT: upnp:rootdevice
USN: uuid:54998793-37ab-49d1-9cd7-0C8C24691504::upnp:rootdevice
BRAND: Majority
CUST_APP: 0


NOTIFY * HTTP/1.1
HOST: 239.255.255.250:1900
CACHE-CONTROL: max-age=1800
CONTENT-LENGTH: 0
Location: http://192.168.4.146:52525/root_XXYY.xml
Server: DMR_WD789BS UPnP/1.1 GUPnP/0.13.0
NTS: ssdp:alive
NT: upnp:rootdevice
USN: uuid:54998793-37ab-49d1-9cd7-0C8C24691504::upnp:rootdevice
BRAND: Majority
CUST_APP: 0


NOTIFY * HTTP/1.1
HOST: 239.255.255.250:1900
CACHE-CONTROL: max-age=1800
CONTENT-LENGTH: 0
Location: http://192.168.4.146:52525/root_XXYY.xml
Server: DMR_WD789BS UPnP/1.1 GUPnP/0.13.0
NTS: ssdp:alive
NT: uuid:54998793-37ab-49d1-9cd7-0C8C24691504
USN: uuid:54998793-37ab-49d1-9cd7-0C8C24691504
BRAND: Majority
CUST_APP: 0


NOTIFY * HTTP/1.1
HOST: 239.255.255.250:1900
CACHE-CONTROL: max-age=1800
CONTENT-LENGTH: 0
Location: http://192.168.4.146:52525/root_XXYY.xml
Server: DMR_WD789BS UPnP/1.1 GUPnP/0.13.0
NTS: ssdp:alive
NT: uuid:54998793-37ab-49d1-9cd7-0C8C24691504
USN: uuid:54998793-37ab-49d1-9cd7-0C8C24691504
BRAND: Majority
CUST_APP: 0


NOTIFY * HTTP/1.1
HOST: 239.255.255.250:1900
CACHE-CONTROL: max-age=1800
CONTENT-LENGTH: 0
Location: http://192.168.4.146:52525/root_XXYY.xml
Server: DMR_WD789BS UPnP/1.1 GUPnP/0.13.0
NTS: ssdp:alive
NT: urn:schemas-upnp-org:device:MediaRenderer:1
USN: uuid:54998793-37ab-49d1-9cd7-0C8C24691504::urn:schemas-upnp-org:device:MediaRenderer:1
BRAND: Majority
CUST_APP: 0


NOTIFY * HTTP/1.1
HOST: 239.255.255.250:1900
CACHE-CONTROL: max-age=1800
CONTENT-LENGTH: 0
Location: http://192.168.4.146:52525/root_XXYY.xml
Server: DMR_WD789BS UPnP/1.1 GUPnP/0.13.0
NTS: ssdp:alive
NT: urn:schemas-upnp-org:device:MediaRenderer:1
USN: uuid:54998793-37ab-49d1-9cd7-0C8C24691504::urn:schemas-upnp-org:device:MediaRenderer:1
BRAND: Majority
CUST_APP: 0


NOTIFY * HTTP/1.1
HOST: 239.255.255.250:1900
CACHE-CONTROL: max-age=1800
CONTENT-LENGTH: 0
Location: http://192.168.4.146:52525/root_XXYY.xml
Server: DMR_WD789BS UPnP/1.1 GUPnP/0.13.0
NTS: ssdp:alive
NT: urn:schemas-upnp-org:service:RenderingControl:1
USN: uuid:54998793-37ab-49d1-9cd7-0C8C24691504::urn:schemas-upnp-org:service:RenderingControl:1
BRAND: Majority
CUST_APP: 0


NOTIFY * HTTP/1.1
HOST: 239.255.255.250:1900
CACHE-CONTROL: max-age=1800
CONTENT-LENGTH: 0
Location: http://192.168.4.146:52525/root_XXYY.xml
Server: DMR_WD789BS UPnP/1.1 GUPnP/0.13.0
NTS: ssdp:alive
NT: urn:schemas-upnp-org:service:RenderingControl:1
USN: uuid:54998793-37ab-49d1-9cd7-0C8C24691504::urn:schemas-upnp-org:service:RenderingControl:1
BRAND: Majority
CUST_APP: 0


NOTIFY * HTTP/1.1
HOST: 239.255.255.250:1900
CACHE-CONTROL: max-age=1800
CONTENT-LENGTH: 0
Location: http://192.168.4.146:52525/root_XXYY.xml
Server: DMR_WD789BS UPnP/1.1 GUPnP/0.13.0
NTS: ssdp:alive
NT: urn:schemas-upnp-org:service:AVTransport:1
USN: uuid:54998793-37ab-49d1-9cd7-0C8C24691504::urn:schemas-upnp-org:service:AVTransport:1
BRAND: Majority
CUST_APP: 0


NOTIFY * HTTP/1.1
HOST: 239.255.255.250:1900
CACHE-CONTROL: max-age=1800
CONTENT-LENGTH: 0
Location: http://192.168.4.146:52525/root_XXYY.xml
Server: DMR_WD789BS UPnP/1.1 GUPnP/0.13.0
NTS: ssdp:alive
NT: urn:schemas-upnp-org:service:AVTransport:1
USN: uuid:54998793-37ab-49d1-9cd7-0C8C24691504::urn:schemas-upnp-org:service:AVTransport:1
BRAND: Majority
CUST_APP: 0


NOTIFY * HTTP/1.1
HOST: 239.255.255.250:1900
CACHE-CONTROL: max-age=1800
CONTENT-LENGTH: 0
Location: http://192.168.2.131:52525/root_XXYY.xml
Server: DMR_WR-100F UPnP/1.1 GUPnP/0.13.0
NTS: ssdp:alive
NT: upnp:rootdevice
USN: uuid:54998793-37ab-49d1-9cd7-74EE2AECA3E2::upnp:rootdevice
BRAND: Magic_Systech
CUST_APP: 0


NOTIFY * HTTP/1.1
HOST: 239.255.255.250:1900
CACHE-CONTROL: max-age=1800
CONTENT-LENGTH: 0
Location: http://192.168.4.146:52525/root_XXYY.xml
Server: DMR_WD789BS UPnP/1.1 GUPnP/0.13.0
NTS: ssdp:alive
NT: urn:schemas-upnp-org:service:ConnectionManager:1
USN: uuid:54998793-37ab-49d1-9cd7-0C8C24691504::urn:schemas-upnp-org:service:ConnectionManager:1
BRAND: Majority
CUST_APP: 0


NOTIFY * HTTP/1.1
HOST: 239.255.255.250:1900
CACHE-CONTROL: max-age=1800
CONTENT-LENGTH: 0
Location: http://192.168.2.131:52525/root_XXYY.xml
Server: DMR_WR-100F UPnP/1.1 GUPnP/0.13.0
NTS: ssdp:alive
NT: upnp:rootdevice
USN: uuid:54998793-37ab-49d1-9cd7-74EE2AECA3E2::upnp:rootdevice
BRAND: Magic_Systech
CUST_APP: 0


NOTIFY * HTTP/1.1
HOST: 239.255.255.250:1900
CACHE-CONTROL: max-age=1800
CONTENT-LENGTH: 0
Location: http://192.168.4.146:52525/root_XXYY.xml
Server: DMR_WD789BS UPnP/1.1 GUPnP/0.13.0
NTS: ssdp:alive
NT: urn:schemas-upnp-org:service:ConnectionManager:1
USN: uuid:54998793-37ab-49d1-9cd7-0C8C24691504::urn:schemas-upnp-org:service:ConnectionManager:1
BRAND: Majority
CUST_APP: 0


M-SEARCH * HTTP/1.1
HOST: 239.255.255.250
MAN: "ssdp:discover"
MX: 10
ST: urn:dial-multiscreen-org:service:dial:1


M-SEARCH * HTTP/1.1
HOST: 239.255.255.250:1900
MAN: "ssdp:discover"
MX: 1
ST: urn:dial-multiscreen-org:service:dial:1

 
M-SEARCH * HTTP/1.1
HOST: 239.255.255.250:1900
MAN: "ssdp:discover"
MX: 1
ST: urn:schemas-upnp-org:device:ZonePlayer:1
USER-AGENT: Linux UPnP/1.0 Sonos/57.3-79100 (ACR_:samsung:a5y17ltexx:SM-A520F)
X-SONOS-DEVICEID: ef1b2aa495bf8c88
X-SONOS-SESSIONSECONDS: 12
X-SONOS-MDPMODEL: 11


M-SEARCH * HTTP/1.1
HOST: 239.255.255.250:1900
MAN: "ssdp:discover"
MX: 1
ST: urn:schemas-upnp-org:device:ZonePlayer:1
USER-AGENT: Linux UPnP/1.0 Sonos/57.3-79100 (ACR_:samsung:a5y17ltexx:SM-A520F)
X-SONOS-DEVICEID: ef1b2aa495bf8c88
X-SONOS-SESSIONSECONDS: 12
X-SONOS-MDPMODEL: 11


M-SEARCH * HTTP/1.1
HOST: 239.255.255.250:1900
MAN: "ssdp:discover"
ST: urn:dial-multiscreen-org:service:dial:1
MX: 2


NOTIFY * HTTP/1.1
HOST: 239.255.255.250:1900
CACHE-CONTROL: max-age=1800
CONTENT-LENGTH: 0
Location: http://192.168.2.131:52525/root_XXYY.xml
Server: DMR_WR-100F UPnP/1.1 GUPnP/0.13.0
NTS: ssdp:alive
NT: upnp:rootdevice
USN: uuid:54998793-37ab-49d1-9cd7-74EE2AECA3E2::upnp:rootdevice
BRAND: Magic_Systech
CUST_APP: 0


NOTIFY * HTTP/1.1
HOST: 239.255.255.250:1900
CACHE-CONTROL: max-age=1800
CONTENT-LENGTH: 0
Location: http://192.168.2.131:52525/root_XXYY.xml
Server: DMR_WR-100F UPnP/1.1 GUPnP/0.13.0
NTS: ssdp:alive
NT: upnp:rootdevice
USN: uuid:54998793-37ab-49d1-9cd7-74EE2AECA3E2::upnp:rootdevice
BRAND: Magic_Systech
CUST_APP: 0


NOTIFY * HTTP/1.1
HOST: 239.255.255.250:1900
CACHE-CONTROL: max-age=1800
CONTENT-LENGTH: 0
Location: http://192.168.4.146:52525/root_XXYY_S.xml
Server: uClinux/2.6.28.10 UPnP/1.1 GUPnP/0.13.0
NTS: ssdp:alive
NT: upnp:rootdevice
USN: uuid:55998793-37ab-49d1-9cd7-0C8C24691504::upnp:rootdevice


NOTIFY * HTTP/1.1
HOST: 239.255.255.250:1900
CACHE-CONTROL: max-age=1800
CONTENT-LENGTH: 0
Location: http://192.168.4.146:52525/root_XXYY_S.xml
Server: uClinux/2.6.28.10 UPnP/1.1 GUPnP/0.13.0
NTS: ssdp:alive
NT: upnp:rootdevice
USN: uuid:55998793-37ab-49d1-9cd7-0C8C24691504::upnp:rootdevice


NOTIFY * HTTP/1.1
HOST: 239.255.255.250:1900
CACHE-CONTROL: max-age=1800
CONTENT-LENGTH: 0
Location: http://192.168.2.131:52525/root_XXYY.xml
Server: DMR_WR-100F UPnP/1.1 GUPnP/0.13.0
NTS: ssdp:alive
NT: uuid:54998793-37ab-49d1-9cd7-74EE2AECA3E2
USN: uuid:54998793-37ab-49d1-9cd7-74EE2AECA3E2
BRAND: Magic_Systech
CUST_APP: 0


NOTIFY * HTTP/1.1
HOST: 239.255.255.250:1900
CACHE-CONTROL: max-age=1800
CONTENT-LENGTH: 0
Location: http://192.168.4.146:52525/root_XXYY_S.xml
Server: uClinux/2.6.28.10 UPnP/1.1 GUPnP/0.13.0
NTS: ssdp:alive
NT: uuid:55998793-37ab-49d1-9cd7-0C8C24691504
USN: uuid:55998793-37ab-49d1-9cd7-0C8C24691504


NOTIFY * HTTP/1.1
HOST: 239.255.255.250:1900
CACHE-CONTROL: max-age=1800
CONTENT-LENGTH: 0
Location: http://192.168.2.131:52525/root_XXYY.xml
Server: DMR_WR-100F UPnP/1.1 GUPnP/0.13.0
NTS: ssdp:alive
NT: uuid:54998793-37ab-49d1-9cd7-74EE2AECA3E2
USN: uuid:54998793-37ab-49d1-9cd7-74EE2AECA3E2
BRAND: Magic_Systech
CUST_APP: 0


NOTIFY * HTTP/1.1
HOST: 239.255.255.250:1900
CACHE-CONTROL: max-age=1800
CONTENT-LENGTH: 0
Location: http://192.168.4.146:52525/root_XXYY_S.xml
Server: uClinux/2.6.28.10 UPnP/1.1 GUPnP/0.13.0
NTS: ssdp:alive
NT: uuid:55998793-37ab-49d1-9cd7-0C8C24691504
USN: uuid:55998793-37ab-49d1-9cd7-0C8C24691504


NOTIFY * HTTP/1.1
HOST: 239.255.255.250:1900
CACHE-CONTROL: max-age=1800
CONTENT-LENGTH: 0
Location: http://192.168.2.131:52525/root_XXYY.xml
Server: DMR_WR-100F UPnP/1.1 GUPnP/0.13.0
NTS: ssdp:alive
NT: urn:schemas-upnp-org:device:MediaRenderer:1
USN: uuid:54998793-37ab-49d1-9cd7-74EE2AECA3E2::urn:schemas-upnp-org:device:MediaRenderer:1
BRAND: Magic_Systech
CUST_APP: 0


NOTIFY * HTTP/1.1
HOST: 239.255.255.250:1900
CACHE-CONTROL: max-age=1800
CONTENT-LENGTH: 0
Location: http://192.168.4.146:52525/root_XXYY_S.xml
Server: uClinux/2.6.28.10 UPnP/1.1 GUPnP/0.13.0
NTS: ssdp:alive
NT: urn:schemas-upnp-org:service:ConnectionManager:1
USN: uuid:55998793-37ab-49d1-9cd7-0C8C24691504::urn:schemas-upnp-org:service:ConnectionManager:1


NOTIFY * HTTP/1.1
HOST: 239.255.255.250:1900
CACHE-CONTROL: max-age=1800
CONTENT-LENGTH: 0
Location: http://192.168.2.131:52525/root_XXYY.xml
Server: DMR_WR-100F UPnP/1.1 GUPnP/0.13.0
NTS: ssdp:alive
NT: urn:schemas-upnp-org:device:MediaRenderer:1
USN: uuid:54998793-37ab-49d1-9cd7-74EE2AECA3E2::urn:schemas-upnp-org:device:MediaRenderer:1
BRAND: Magic_Systech
CUST_APP: 0


M-SEARCH * HTTP/1.1
HOST: 239.255.255.250:1900
MAN: "ssdp:discover"
ST: urn:mdx-netflix-com:service:target:1
MX: 2


M-SEARCH * HTTP/1.1
HOST: 239.255.255.250:1900
MAN: "ssdp:discover"
ST: urn:dial-multiscreen-org:service:dial:1
MX: 2


NOTIFY * HTTP/1.1
HOST: 239.255.255.250:1900
CACHE-CONTROL: max-age=1800
CONTENT-LENGTH: 0
Location: http://192.168.4.146:52525/root_XXYY_S.xml
Server: uClinux/2.6.28.10 UPnP/1.1 GUPnP/0.13.0
NTS: ssdp:alive
NT: urn:schemas-upnp-org:service:ConnectionManager:1
USN: uuid:55998793-37ab-49d1-9cd7-0C8C24691504::urn:schemas-upnp-org:service:ConnectionManager:1


NOTIFY * HTTP/1.1
HOST: 239.255.255.250:1900
CACHE-CONTROL: max-age=1800
CONTENT-LENGTH: 0
Location: http://192.168.2.131:52525/root_XXYY.xml
Server: DMR_WR-100F UPnP/1.1 GUPnP/0.13.0
NTS: ssdp:alive
NT: urn:schemas-upnp-org:service:RenderingControl:1
USN: uuid:54998793-37ab-49d1-9cd7-74EE2AECA3E2::urn:schemas-upnp-org:service:RenderingControl:1
BRAND: Magic_Systech
CUST_APP: 0


NOTIFY * HTTP/1.1
HOST: 239.255.255.250:1900
CACHE-CONTROL: max-age=1800
CONTENT-LENGTH: 0
Location: http://192.168.4.146:52525/root_XXYY_S.xml
Server: uClinux/2.6.28.10 UPnP/1.1 GUPnP/0.13.0
NTS: ssdp:alive
NT: urn:schemas-upnp-org:service:ContentDirectory:1
USN: uuid:55998793-37ab-49d1-9cd7-0C8C24691504::urn:schemas-upnp-org:service:ContentDirectory:1


NOTIFY * HTTP/1.1
HOST: 239.255.255.250:1900
CACHE-CONTROL: max-age=1800
CONTENT-LENGTH: 0
Location: http://192.168.2.131:52525/root_XXYY.xml
Server: DMR_WR-100F UPnP/1.1 GUPnP/0.13.0
NTS: ssdp:alive
NT: urn:schemas-upnp-org:service:RenderingControl:1
USN: uuid:54998793-37ab-49d1-9cd7-74EE2AECA3E2::urn:schemas-upnp-org:service:RenderingControl:1
BRAND: Magic_Systech
CUST_APP: 0


NOTIFY * HTTP/1.1
HOST: 239.255.255.250:1900
CACHE-CONTROL: max-age=1800
CONTENT-LENGTH: 0
Location: http://192.168.4.146:52525/root_XXYY_S.xml
Server: uClinux/2.6.28.10 UPnP/1.1 GUPnP/0.13.0
NTS: ssdp:alive
NT: urn:schemas-upnp-org:service:ContentDirectory:1
USN: uuid:55998793-37ab-49d1-9cd7-0C8C24691504::urn:schemas-upnp-org:service:ContentDirectory:1


NOTIFY * HTTP/1.1
HOST: 239.255.255.250:1900
CACHE-CONTROL: max-age=1800
CONTENT-LENGTH: 0
Location: http://192.168.2.131:52525/root_XXYY.xml
Server: DMR_WR-100F UPnP/1.1 GUPnP/0.13.0
NTS: ssdp:alive
NT: urn:schemas-upnp-org:service:AVTransport:1
USN: uuid:54998793-37ab-49d1-9cd7-74EE2AECA3E2::urn:schemas-upnp-org:service:AVTransport:1
BRAND: Magic_Systech
CUST_APP: 0


NOTIFY * HTTP/1.1
HOST: 239.255.255.250:1900
CACHE-CONTROL: max-age=1800
CONTENT-LENGTH: 0
Location: http://192.168.4.146:52525/root_XXYY_S.xml
Server: uClinux/2.6.28.10 UPnP/1.1 GUPnP/0.13.0
NTS: ssdp:alive
NT: urn:schemas-upnp-org:device:MediaServer:1
USN: uuid:55998793-37ab-49d1-9cd7-0C8C24691504::urn:schemas-upnp-org:device:MediaServer:1


NOTIFY * HTTP/1.1
HOST: 239.255.255.250:1900
CACHE-CONTROL: max-age=1800
CONTENT-LENGTH: 0
Location: http://192.168.2.131:52525/root_XXYY.xml
Server: DMR_WR-100F UPnP/1.1 GUPnP/0.13.0
NTS: ssdp:alive
NT: urn:schemas-upnp-org:service:AVTransport:1
USN: uuid:54998793-37ab-49d1-9cd7-74EE2AECA3E2::urn:schemas-upnp-org:service:AVTransport:1
BRAND: Magic_Systech
CUST_APP: 0


NOTIFY * HTTP/1.1
HOST: 239.255.255.250:1900
CACHE-CONTROL: max-age=1800
CONTENT-LENGTH: 0
Location: http://192.168.4.146:52525/root_XXYY_S.xml
Server: uClinux/2.6.28.10 UPnP/1.1 GUPnP/0.13.0
NTS: ssdp:alive
NT: urn:schemas-upnp-org:device:MediaServer:1
USN: uuid:55998793-37ab-49d1-9cd7-0C8C24691504::urn:schemas-upnp-org:device:MediaServer:1


NOTIFY * HTTP/1.1
HOST: 239.255.255.250:1900
CACHE-CONTROL: max-age=1800
CONTENT-LENGTH: 0
Location: http://192.168.2.131:52525/root_XXYY.xml
Server: DMR_WR-100F UPnP/1.1 GUPnP/0.13.0
NTS: ssdp:alive
NT: urn:schemas-upnp-org:service:ConnectionManager:1
USN: uuid:54998793-37ab-49d1-9cd7-74EE2AECA3E2::urn:schemas-upnp-org:service:ConnectionManager:1
BRAND: Magic_Systech
CUST_APP: 0


M-SEARCH * HTTP/1.1
HOST: 239.255.255.250:1900
MAN: "ssdp:discover"
MX: 3
ST: urn:schemas-upnp-org:device:MediaServer:1


NOTIFY * HTTP/1.1
HOST: 239.255.255.250:1900
CACHE-CONTROL: max-age=1800
CONTENT-LENGTH: 0
Location: http://192.168.2.131:52525/root_XXYY.xml
Server: DMR_WR-100F UPnP/1.1 GUPnP/0.13.0
NTS: ssdp:alive
NT: urn:schemas-upnp-org:service:ConnectionManager:1
USN: uuid:54998793-37ab-49d1-9cd7-74EE2AECA3E2::urn:schemas-upnp-org:service:ConnectionManager:1
BRAND: Magic_Systech
CUST_APP: 0


M-SEARCH * HTTP/1.1
HOST: 239.255.255.250:1900
MAN: "ssdp:discover"
MX: 1
ST: urn:schemas-upnp-org:device:ZonePlayer:1
USER-AGENT: Linux UPnP/1.0 Sonos/57.3-79100 (ACR_:samsung:a5y17ltexx:SM-A520F)
X-SONOS-DEVICEID: ef1b2aa495bf8c88
X-SONOS-SESSIONSECONDS: 13
X-SONOS-MDPMODEL: 11


M-SEARCH * HTTP/1.1
HOST: 239.255.255.250:1900
MAN: "ssdp:discover"
MX: 1
ST: urn:schemas-upnp-org:device:ZonePlayer:1
USER-AGENT: Linux UPnP/1.0 Sonos/57.3-79100 (ACR_:samsung:a5y17ltexx:SM-A520F)
X-SONOS-DEVICEID: ef1b2aa495bf8c88
X-SONOS-SESSIONSECONDS: 13
X-SONOS-MDPMODEL: 11


NOTIFY * HTTP/1.1
HOST: 239.255.255.250:1900
CACHE-CONTROL: max-age=1800
CONTENT-LENGTH: 0
Location: http://192.168.2.131:52525/root_XXYY_S.xml
Server: uClinux/2.6.28.10 UPnP/1.1 GUPnP/0.13.0
NTS: ssdp:alive
NT: upnp:rootdevice
USN: uuid:55998793-37ab-49d1-9cd7-74EE2AECA3E2::upnp:rootdevice


NOTIFY * HTTP/1.1
HOST: 239.255.255.250:1900
CACHE-CONTROL: max-age=1800
CONTENT-LENGTH: 0
Location: http://192.168.2.131:52525/root_XXYY_S.xml
Server: uClinux/2.6.28.10 UPnP/1.1 GUPnP/0.13.0
NTS: ssdp:alive
NT: upnp:rootdevice
USN: uuid:55998793-37ab-49d1-9cd7-74EE2AECA3E2::upnp:rootdevice


NOTIFY * HTTP/1.1
HOST: 239.255.255.250:1900
CACHE-CONTROL: max-age=1800
CONTENT-LENGTH: 0
Location: http://192.168.2.131:52525/root_XXYY_S.xml
Server: uClinux/2.6.28.10 UPnP/1.1 GUPnP/0.13.0
NTS: ssdp:alive
NT: uuid:55998793-37ab-49d1-9cd7-74EE2AECA3E2
USN: uuid:55998793-37ab-49d1-9cd7-74EE2AECA3E2


M-SEARCH * HTTP/1.1
HOST: 239.255.255.250:1900
MAN: "ssdp:discover"
MX: 1
ST: urn:schemas-upnp-org:device:ZonePlayer:1
USER-AGENT: Linux UPnP/1.0 Sonos/57.3-79100 (ACR_:samsung:a5y17ltexx:SM-A520F)
X-SONOS-DEVICEID: ef1b2aa495bf8c88
X-SONOS-SESSIONSECONDS: 14
X-SONOS-MDPMODEL: 11


M-SEARCH * HTTP/1.1
HOST: 239.255.255.250:1900
MAN: "ssdp:discover"
MX: 1
ST: urn:schemas-upnp-org:device:ZonePlayer:1
USER-AGENT: Linux UPnP/1.0 Sonos/57.3-79100 (ACR_:samsung:a5y17ltexx:SM-A520F)
X-SONOS-DEVICEID: ef1b2aa495bf8c88
X-SONOS-SESSIONSECONDS: 14
X-SONOS-MDPMODEL: 11


NOTIFY * HTTP/1.1
HOST: 239.255.255.250:1900
CACHE-CONTROL: max-age=1800
CONTENT-LENGTH: 0
Location: http://192.168.2.131:52525/root_XXYY_S.xml
Server: uClinux/2.6.28.10 UPnP/1.1 GUPnP/0.13.0
NTS: ssdp:alive
NT: uuid:55998793-37ab-49d1-9cd7-74EE2AECA3E2
USN: uuid:55998793-37ab-49d1-9cd7-74EE2AECA3E2


NOTIFY * HTTP/1.1
HOST: 239.255.255.250:1900
CACHE-CONTROL: max-age=1800
CONTENT-LENGTH: 0
Location: http://192.168.2.131:52525/root_XXYY_S.xml
Server: uClinux/2.6.28.10 UPnP/1.1 GUPnP/0.13.0
NTS: ssdp:alive
NT: urn:schemas-upnp-org:service:ConnectionManager:1
USN: uuid:55998793-37ab-49d1-9cd7-74EE2AECA3E2::urn:schemas-upnp-org:service:ConnectionManager:1


NOTIFY * HTTP/1.1
HOST: 239.255.255.250:1900
CACHE-CONTROL: max-age=1800
CONTENT-LENGTH: 0
Location: http://192.168.2.131:52525/root_XXYY_S.xml
Server: uClinux/2.6.28.10 UPnP/1.1 GUPnP/0.13.0
NTS: ssdp:alive
NT: urn:schemas-upnp-org:service:ConnectionManager:1
USN: uuid:55998793-37ab-49d1-9cd7-74EE2AECA3E2::urn:schemas-upnp-org:service:ConnectionManager:1


M-SEARCH * HTTP/1.1
HOST: 239.255.255.250:1900
MAN: "ssdp:discover"
MX: 1
ST: urn:dial-multiscreen-org:service:dial:1


NOTIFY * HTTP/1.1
HOST: 239.255.255.250:1900
CACHE-CONTROL: max-age=1800
CONTENT-LENGTH: 0
Location: http://192.168.2.131:52525/root_XXYY_S.xml
Server: uClinux/2.6.28.10 UPnP/1.1 GUPnP/0.13.0
NTS: ssdp:alive
NT: urn:schemas-upnp-org:service:ContentDirectory:1
USN: uuid:55998793-37ab-49d1-9cd7-74EE2AECA3E2::urn:schemas-upnp-org:service:ContentDirectory:1


M-SEARCH * HTTP/1.1
HOST: 239.255.255.250:1900
MAN: "ssdp:discover"
MX: 1
ST: urn:dial-multiscreen-org:service:dial:1


NOTIFY * HTTP/1.1
HOST: 239.255.255.250:1900
CACHE-CONTROL: max-age=1800
CONTENT-LENGTH: 0
Location: http://192.168.2.131:52525/root_XXYY_S.xml
Server: uClinux/2.6.28.10 UPnP/1.1 GUPnP/0.13.0
NTS: ssdp:alive
NT: urn:schemas-upnp-org:service:ContentDirectory:1
USN: uuid:55998793-37ab-49d1-9cd7-74EE2AECA3E2::urn:schemas-upnp-org:service:ContentDirectory:1


M-SEARCH * HTTP/1.1
HOST: 239.255.255.250:1900
MAN: "ssdp:discover"
ST: urn:mdx-netflix-com:service:target:1
MX: 2


M-SEARCH * HTTP/1.1
HOST: 239.255.255.250:1900
MAN: "ssdp:discover"
ST: urn:dial-multiscreen-org:service:dial:1
MX: 2


NOTIFY * HTTP/1.1
HOST: 239.255.255.250:1900
CACHE-CONTROL: max-age=1800
CONTENT-LENGTH: 0
Location: http://192.168.2.131:52525/root_XXYY_S.xml
Server: uClinux/2.6.28.10 UPnP/1.1 GUPnP/0.13.0
NTS: ssdp:alive
NT: urn:schemas-upnp-org:device:MediaServer:1
USN: uuid:55998793-37ab-49d1-9cd7-74EE2AECA3E2::urn:schemas-upnp-org:device:MediaServer:1


NOTIFY * HTTP/1.1
HOST: 239.255.255.250:1900
CACHE-CONTROL: max-age=1800
CONTENT-LENGTH: 0
Location: http://192.168.2.131:52525/root_XXYY_S.xml
Server: uClinux/2.6.28.10 UPnP/1.1 GUPnP/0.13.0
NTS: ssdp:alive
NT: urn:schemas-upnp-org:device:MediaServer:1
USN: uuid:55998793-37ab-49d1-9cd7-74EE2AECA3E2::urn:schemas-upnp-org:device:MediaServer:1


M-SEARCH * HTTP/1.1
HOST: 239.255.255.250:1900
MAN: "ssdp:discover"
MX: 1
ST: urn:dial-multiscreen-org:service:dial:1


M-SEARCH * HTTP/1.1
HOST: 239.255.255.250:1900
MAN: "ssdp:discover"
MX: 1
ST: urn:dial-multiscreen-org:service:dial:1


NOTIFY * HTTP/1.1
HOST: 239.255.255.250:1900
CACHE-CONTROL: max-age=1800
CONTENT-LENGTH: 0
Location: http://192.168.2.131:52525/walkie_XXYY_S.xml
Server: uClinux/2.6.28.10 UPnP/1.1 GUPnP/0.13.0
NTS: ssdp:alive
NT: urn:walkie-talkie:431538b1-1969-0525-fb33-74EE2AECA3E2
USN: uuid:431538b1-1969-0525-fb33-74EE2AECA3E2


NOTIFY * HTTP/1.1
HOST: 239.255.255.250:1900
CACHE-CONTROL: max-age=1800
CONTENT-LENGTH: 0
Location: http://192.168.2.131:52525/walkie_XXYY_S.xml
Server: uClinux/2.6.28.10 UPnP/1.1 GUPnP/0.13.0
NTS: ssdp:alive
NT: urn:walkie-talkie:431538b1-1969-0525-fb33-74EE2AECA3E2
USN: uuid:431538b1-1969-0525-fb33-74EE2AECA3E2


M-SEARCH * HTTP/1.1
HOST: 239.255.255.250:1900
MAN: "ssdp:discover"
MX: 3
ST: urn:schemas-upnp-org:device:MediaServer:1


M-SEARCH * HTTP/1.1
HOST: 239.255.255.250:1900
MAN: "ssdp:discover"
MX: 1
ST: urn:dial-multiscreen-org:service:dial:1


M-SEARCH * HTTP/1.1
HOST: 239.255.255.250:1900
MAN: "ssdp:discover"
MX: 1
ST: urn:dial-multiscreen-org:service:dial:1


M-SEARCH * HTTP/1.1
HOST: 239.255.255.250:1900
MAN: "ssdp:discover"
ST: urn:mdx-netflix-com:service:target:1
MX: 2


M-SEARCH * HTTP/1.1
HOST: 239.255.255.250:1900
MAN: "ssdp:discover"
ST: urn:dial-multiscreen-org:service:dial:1
MX: 2


NOTIFY * HTTP/1.1
HOST: 239.255.255.250:1900
CACHE-CONTROL: max-age=1800
CONTENT-LENGTH: 0
Location: http://192.168.4.146:52525/root_XXYY.xml
Server: DMR_WD789BS UPnP/1.1 GUPnP/0.13.0
NTS: ssdp:alive
NT: upnp:rootdevice
USN: uuid:54998793-37ab-49d1-9cd7-0C8C24691504::upnp:rootdevice
BRAND: Majority
CUST_APP: 0


M-SEARCH * HTTP/1.1
HOST: 239.255.255.250:1900
MAN: "ssdp:discover"
MX: 1
ST: urn:dial-multiscreen-org:service:dial:1


NOTIFY * HTTP/1.1
HOST: 239.255.255.250:1900
CACHE-CONTROL: max-age=1800
CONTENT-LENGTH: 0
Location: http://192.168.4.146:52525/root_XXYY.xml
Server: DMR_WD789BS UPnP/1.1 GUPnP/0.13.0
NTS: ssdp:alive
NT: upnp:rootdevice
USN: uuid:54998793-37ab-49d1-9cd7-0C8C24691504::upnp:rootdevice
BRAND: Majority
CUST_APP: 0


M-SEARCH * HTTP/1.1
HOST: 239.255.255.250:1900
MAN: "ssdp:discover"
MX: 1
ST: urn:schemas-upnp-org:device:ZonePlayer:1
USER-AGENT: Linux UPnP/1.0 Sonos/57.3-79100 (ACR_:samsung:a5y17ltexx:SM-A520F)
X-SONOS-DEVICEID: ef1b2aa495bf8c88
X-SONOS-SESSIONSECONDS: 15
X-SONOS-MDPMODEL: 11


M-SEARCH * HTTP/1.1
HOST: 239.255.255.250:1900
MAN: "ssdp:discover"
MX: 1
ST: urn:schemas-upnp-org:device:ZonePlayer:1
USER-AGENT: Linux UPnP/1.0 Sonos/57.3-79100 (ACR_:samsung:a5y17ltexx:SM-A520F)
X-SONOS-DEVICEID: ef1b2aa495bf8c88
X-SONOS-SESSIONSECONDS: 15
X-SONOS-MDPMODEL: 11


M-SEARCH * HTTP/1.1
HOST: 239.255.255.250:1900
MAN: "ssdp:discover"
MX: 1
ST: urn:dial-multiscreen-org:service:dial:1


M-SEARCH * HTTP/1.1
HOST: 239.255.255.250:1900
MAN: "ssdp:discover"
MX: 1
ST: urn:schemas-upnp-org:device:ZonePlayer:1
USER-AGENT: Linux UPnP/1.0 Sonos/57.3-79100 (ACR_:samsung:a5y17ltexx:SM-A520F)
X-SONOS-DEVICEID: ef1b2aa495bf8c88
X-SONOS-SESSIONSECONDS: 0
X-SONOS-MDPMODEL: 11


M-SEARCH * HTTP/1.1
HOST: 239.255.255.250:1900
MAN: "ssdp:discover"
MX: 1
ST: urn:schemas-upnp-org:device:ZonePlayer:1
USER-AGENT: Linux UPnP/1.0 Sonos/57.3-79100 (ACR_:samsung:a5y17ltexx:SM-A520F)
X-SONOS-DEVICEID: ef1b2aa495bf8c88
X-SONOS-SESSIONSECONDS: 0
X-SONOS-MDPMODEL: 11


M-SEARCH * HTTP/1.1
HOST: 239.255.255.250:1900
MAN: "ssdp:discover"
MX: 1
ST: urn:dial-multiscreen-org:service:dial:1


NOTIFY * HTTP/1.1
HOST: 239.255.255.250:1900
CACHE-CONTROL: max-age=1800
CONTENT-LENGTH: 0
Location: http://192.168.4.146:52525/root_XXYY.xml
Server: DMR_WD789BS UPnP/1.1 GUPnP/0.13.0
NTS: ssdp:alive
NT: upnp:rootdevice
USN: uuid:54998793-37ab-49d1-9cd7-0C8C24691504::upnp:rootdevice
BRAND: Majority
CUST_APP: 0


NOTIFY * HTTP/1.1
HOST: 239.255.255.250:1900
CACHE-CONTROL: max-age=1800
CONTENT-LENGTH: 0
Location: http://192.168.4.146:52525/root_XXYY.xml
Server: DMR_WD789BS UPnP/1.1 GUPnP/0.13.0
NTS: ssdp:alive
NT: upnp:rootdevice
USN: uuid:54998793-37ab-49d1-9cd7-0C8C24691504::upnp:rootdevice
BRAND: Majority
CUST_APP: 0


NOTIFY * HTTP/1.1
HOST: 239.255.255.250:1900
CACHE-CONTROL: max-age=1800
CONTENT-LENGTH: 0
Location: http://192.168.2.131:52525/root_XXYY.xml
Server: DMR_WR-100F UPnP/1.1 GUPnP/0.13.0
NTS: ssdp:alive
NT: upnp:rootdevice
USN: uuid:54998793-37ab-49d1-9cd7-74EE2AECA3E2::upnp:rootdevice
BRAND: Magic_Systech
CUST_APP: 0


NOTIFY * HTTP/1.1
HOST: 239.255.255.250:1900
CACHE-CONTROL: max-age=1800
CONTENT-LENGTH: 0
Location: http://192.168.2.131:52525/root_XXYY.xml
Server: DMR_WR-100F UPnP/1.1 GUPnP/0.13.0
NTS: ssdp:alive
NT: upnp:rootdevice
USN: uuid:54998793-37ab-49d1-9cd7-74EE2AECA3E2::upnp:rootdevice
BRAND: Magic_Systech
CUST_APP: 0


M-SEARCH * HTTP/1.1
HOST: 239.255.255.250:1900
MAN: "ssdp:discover"
ST: urn:mdx-netflix-com:service:target:1
MX: 2


M-SEARCH * HTTP/1.1
HOST: 239.255.255.250:1900
MAN: "ssdp:discover"
ST: urn:dial-multiscreen-org:service:dial:1
MX: 2


M-SEARCH * HTTP/1.1
HOST: 239.255.255.250:1900
MAN: "ssdp:discover"
MX: 1
ST: urn:schemas-upnp-org:device:ZonePlayer:1
USER-AGENT: Linux UPnP/1.0 Sonos/57.3-79100 (ACR_:samsung:a5y17ltexx:SM-A520F)
X-SONOS-DEVICEID: ef1b2aa495bf8c88
X-SONOS-SESSIONSECONDS: 1
X-SONOS-MDPMODEL: 11


M-SEARCH * HTTP/1.1
HOST: 239.255.255.250:1900
MAN: "ssdp:discover"
MX: 1
ST: urn:schemas-upnp-org:device:ZonePlayer:1
USER-AGENT: Linux UPnP/1.0 Sonos/57.3-79100 (ACR_:samsung:a5y17ltexx:SM-A520F)
X-SONOS-DEVICEID: ef1b2aa495bf8c88
X-SONOS-SESSIONSECONDS: 1
X-SONOS-MDPMODEL: 11


M-SEARCH * HTTP/1.1
HOST: 239.255.255.250:1900
MAN: "ssdp:discover"
ST: urn:dial-multiscreen-org:service:dial:1
MX: 2


M-SEARCH * HTTP/1.1
HOST: 239.255.255.250:1900
MAN: "ssdp:discover"
ST: urn:mdx-netflix-com:service:target:1
MX: 2


M-SEARCH * HTTP/1.1
HOST: 239.255.255.250:1900
MAN: "ssdp:discover"
MX: 3
ST: urn:schemas-upnp-org:device:MediaServer:1


NOTIFY * HTTP/1.1
HOST: 239.255.255.250:1900
CACHE-CONTROL: max-age=1800
CONTENT-LENGTH: 0
Location: http://192.168.2.131:52525/root_XXYY.xml
Server: DMR_WR-100F UPnP/1.1 GUPnP/0.13.0
NTS: ssdp:alive
NT: upnp:rootdevice
USN: uuid:54998793-37ab-49d1-9cd7-74EE2AECA3E2::upnp:rootdevice
BRAND: Magic_Systech
CUST_APP: 0


NOTIFY * HTTP/1.1
HOST: 239.255.255.250:1900
CACHE-CONTROL: max-age=1800
CONTENT-LENGTH: 0
Location: http://192.168.2.131:52525/root_XXYY.xml
Server: DMR_WR-100F UPnP/1.1 GUPnP/0.13.0
NTS: ssdp:alive
NT: upnp:rootdevice
USN: uuid:54998793-37ab-49d1-9cd7-74EE2AECA3E2::upnp:rootdevice
BRAND: Magic_Systech
CUST_APP: 0


M-SEARCH * HTTP/1.1
HOST: 239.255.255.250:1900
MAN: "ssdp:discover"
MX: 1
ST: urn:schemas-upnp-org:device:ZonePlayer:1
USER-AGENT: Linux UPnP/1.0 Sonos/57.3-79100 (ACR_:samsung:a5y17ltexx:SM-A520F)
X-SONOS-DEVICEID: ef1b2aa495bf8c88
X-SONOS-SESSIONSECONDS: 2
X-SONOS-MDPMODEL: 11


M-SEARCH * HTTP/1.1
HOST: 239.255.255.250:1900
MAN: "ssdp:discover"
MX: 1
ST: urn:schemas-upnp-org:device:ZonePlayer:1
USER-AGENT: Linux UPnP/1.0 Sonos/57.3-79100 (ACR_:samsung:a5y17ltexx:SM-A520F)
X-SONOS-DEVICEID: ef1b2aa495bf8c88
X-SONOS-SESSIONSECONDS: 2
X-SONOS-MDPMODEL: 11


M-SEARCH * HTTP/1.1
HOST: 239.255.255.250:1900
MAN: "ssdp:discover"
MX: 3
ST: urn:schemas-upnp-org:device:MediaServer:1


M-SEARCH * HTTP/1.1
HOST: 239.255.255.250:1900
MAN: "ssdp:discover"
ST: urn:mdx-netflix-com:service:target:1
MX: 2


M-SEARCH * HTTP/1.1
HOST: 239.255.255.250:1900
MAN: "ssdp:discover"
MX: 1
ST: urn:schemas-upnp-org:device:ZonePlayer:1
USER-AGENT: Linux UPnP/1.0 Sonos/57.3-79100 (ACR_:samsung:a5y17ltexx:SM-A520F)
X-SONOS-DEVICEID: ef1b2aa495bf8c88
X-SONOS-SESSIONSECONDS: 3
X-SONOS-MDPMODEL: 11


M-SEARCH * HTTP/1.1
HOST: 239.255.255.250:1900
MAN: "ssdp:discover"
MX: 1
ST: urn:schemas-upnp-org:device:ZonePlayer:1
USER-AGENT: Linux UPnP/1.0 Sonos/57.3-79100 (ACR_:samsung:a5y17ltexx:SM-A520F)
X-SONOS-DEVICEID: ef1b2aa495bf8c88
X-SONOS-SESSIONSECONDS: 3
X-SONOS-MDPMODEL: 11


M-SEARCH * HTTP/1.1
HOST: 239.255.255.250:1900
MAN: "ssdp:discover"
ST: urn:mdx-netflix-com:service:target:1
MX: 2


M-SEARCH * HTTP/1.1
HOST: 239.255.255.250:1900
MAN: "ssdp:discover"
ST: urn:dial-multiscreen-org:service:dial:1
MX: 2


M-SEARCH * HTTP/1.1
HOST: 239.255.255.250:1900
MAN: "ssdp:discover"
MX: 1
ST: urn:dial-multiscreen-org:service:dial:1


M-SEARCH * HTTP/1.1
HOST: 239.255.255.250:1900
MAN: "ssdp:discover"
MX: 1
ST: urn:dial-multiscreen-org:service:dial:1


NOTIFY * HTTP/1.1
HOST: 239.255.255.250:1900
CACHE-CONTROL: max-age=1800
CONTENT-LENGTH: 0
Location: http://192.168.4.146:52525/root_XXYY.xml
Server: DMR_WD789BS UPnP/1.1 GUPnP/0.13.0
NTS: ssdp:alive
NT: upnp:rootdevice
USN: uuid:54998793-37ab-49d1-9cd7-0C8C24691504::upnp:rootdevice
BRAND: Majority
CUST_APP: 0


NOTIFY * HTTP/1.1
HOST: 239.255.255.250:1900
CACHE-CONTROL: max-age=1800
CONTENT-LENGTH: 0
Location: http://192.168.4.146:52525/root_XXYY.xml
Server: DMR_WD789BS UPnP/1.1 GUPnP/0.13.0
NTS: ssdp:alive
NT: upnp:rootdevice
USN: uuid:54998793-37ab-49d1-9cd7-0C8C24691504::upnp:rootdevice
BRAND: Majority
CUST_APP: 0


M-SEARCH * HTTP/1.1
HOST: 239.255.255.250:1900
MAN: "ssdp:discover"
MX: 1
ST: urn:dial-multiscreen-org:service:dial:1


M-SEARCH * HTTP/1.1
HOST: 239.255.255.250:1900
MAN: "ssdp:discover"
MX: 1
ST: urn:schemas-upnp-org:device:ZonePlayer:1
USER-AGENT: Linux UPnP/1.0 Sonos/57.3-79100 (ACR_:samsung:a5y17ltexx:SM-A520F)
X-SONOS-DEVICEID: ef1b2aa495bf8c88
X-SONOS-SESSIONSECONDS: 4
X-SONOS-MDPMODEL: 11


M-SEARCH * HTTP/1.1
HOST: 239.255.255.250:1900
MAN: "ssdp:discover"
MX: 1
ST: urn:schemas-upnp-org:device:ZonePlayer:1
USER-AGENT: Linux UPnP/1.0 Sonos/57.3-79100 (ACR_:samsung:a5y17ltexx:SM-A520F)
X-SONOS-DEVICEID: ef1b2aa495bf8c88
X-SONOS-SESSIONSECONDS: 4
X-SONOS-MDPMODEL: 11


M-SEARCH * HTTP/1.1
HOST: 239.255.255.250:1900
MAN: "ssdp:discover"
MX: 1
ST: urn:schemas-upnp-org:device:ZonePlayer:1
USER-AGENT: Linux UPnP/1.0 Sonos/58.1-79060 (ACR_:samsung:x1sxeea:SM-G981B)
X-SONOS-DEVICEID: 32a94a286d85b258
X-SONOS-SESSIONSECONDS: 544
X-SONOS-MDPMODEL: 11


M-SEARCH * HTTP/1.1
HOST: 239.255.255.250:1900
MAN: "ssdp:discover"
MX: 1
ST: urn:schemas-upnp-org:device:ZonePlayer:1
USER-AGENT: Linux UPnP/1.0 Sonos/58.1-79060 (ACR_:samsung:x1sxeea:SM-G981B)
X-SONOS-DEVICEID: 32a94a286d85b258
X-SONOS-SESSIONSECONDS: 544
X-SONOS-MDPMODEL: 11


M-SEARCH * HTTP/1.1
ST: urn:schemas-upnp-org:device:MediaRenderer:1
MX: 1
MAN: "ssdp:discover"
HOST: 239.255.255.250:1900


M-SEARCH * HTTP/1.1
ST: urn:schemas-upnp-org:device:MediaRenderer:1
MX: 1
MAN: "ssdp:discover"
HOST: 239.255.255.250:1900


M-SEARCH * HTTP/1.1
ST: urn:schemas-upnp-org:device:MediaRenderer:1
MX: 1
MAN: "ssdp:discover"
HOST: 239.255.255.250:1900


M-SEARCH * HTTP/1.1
ST: urn:schemas-upnp-org:device:MediaRenderer:1
MX: 1
MAN: "ssdp:discover"
HOST: 239.255.255.250:1900


M-SEARCH * HTTP/1.1
ST: urn:schemas-upnp-org:device:MediaRenderer:1
MX: 1
MAN: "ssdp:discover"
HOST: 239.255.255.250:1900


M-SEARCH * HTTP/1.1
ST: urn:schemas-upnp-org:device:MediaServer:1
MX: 1
MAN: "ssdp:discover"
HOST: 239.255.255.250:1900


M-SEARCH * HTTP/1.1
ST: urn:schemas-upnp-org:device:MediaServer:1
MX: 1
MAN: "ssdp:discover"
HOST: 239.255.255.250:1900


M-SEARCH * HTTP/1.1
ST: urn:schemas-upnp-org:device:MediaServer:1
MX: 1
MAN: "ssdp:discover"
HOST: 239.255.255.250:1900


M-SEARCH * HTTP/1.1
ST: urn:schemas-upnp-org:device:MediaServer:1
MX: 1
MAN: "ssdp:discover"
HOST: 239.255.255.250:1900


M-SEARCH * HTTP/1.1
ST: urn:schemas-upnp-org:device:MediaServer:1
MX: 1
MAN: "ssdp:discover"
HOST: 239.255.255.250:1900


M-SEARCH * HTTP/1.1
ST: urn:samsung.com:device:ScreenSharing:1
MX: 1
MAN: "ssdp:discover"
HOST: 239.255.255.250:1900


M-SEARCH * HTTP/1.1
ST: urn:samsung.com:device:ScreenSharing:1
MX: 1
MAN: "ssdp:discover"
HOST: 239.255.255.250:1900


M-SEARCH * HTTP/1.1
ST: urn:samsung.com:device:ScreenSharing:1
MX: 1
MAN: "ssdp:discover"
HOST: 239.255.255.250:1900


M-SEARCH * HTTP/1.1
ST: urn:samsung.com:device:ScreenSharing:1
MX: 1
MAN: "ssdp:discover"
HOST: 239.255.255.250:1900


M-SEARCH * HTTP/1.1
ST: urn:samsung.com:device:ScreenSharing:1
MX: 1
MAN: "ssdp:discover"
HOST: 239.255.255.250:1900


